<?xml version="1.0" encoding="UTF-8"?>
<testsuite xmlns:xsi="http://www.w3.org/2001/XMLSchema-instance" xsi:noNamespaceSchemaLocation="https://maven.apache.org/surefire/maven-surefire-plugin/xsd/surefire-test-report.xsd" name="com.devoxx.delivery.DeliveryApplicationTests" time="4.888" tests="1" errors="0" skipped="0" failures="1">
  <properties>
    <property name="awt.toolkit" value="sun.awt.X11.XToolkit"/>
    <property name="java.specification.version" value="11"/>
    <property name="sun.cpu.isalist" value=""/>
    <property name="sun.jnu.encoding" value="UTF-8"/>
    <property name="java.class.path" value="/home/max/workspace/conferences/devoxx2020-contract-testing/delivery/target/test-classes:/home/max/workspace/conferences/devoxx2020-contract-testing/delivery/target/classes:/home/max/.m2/repository/org/projectlombok/lombok/1.18.4/lombok-1.18.4.jar:/home/max/.m2/repository/org/springframework/boot/spring-boot-starter-amqp/2.2.4.RELEASE/spring-boot-starter-amqp-2.2.4.RELEASE.jar:/home/max/.m2/repository/org/springframework/boot/spring-boot-starter/2.2.4.RELEASE/spring-boot-starter-2.2.4.RELEASE.jar:/home/max/.m2/repository/org/springframework/boot/spring-boot/2.2.4.RELEASE/spring-boot-2.2.4.RELEASE.jar:/home/max/.m2/repository/org/springframework/boot/spring-boot-starter-logging/2.2.4.RELEASE/spring-boot-starter-logging-2.2.4.RELEASE.jar:/home/max/.m2/repository/ch/qos/logback/logback-classic/1.2.3/logback-classic-1.2.3.jar:/home/max/.m2/repository/ch/qos/logback/logback-core/1.2.3/logback-core-1.2.3.jar:/home/max/.m2/repository/org/apache/logging/log4j/log4j-to-slf4j/2.12.1/log4j-to-slf4j-2.12.1.jar:/home/max/.m2/repository/org/apache/logging/log4j/log4j-api/2.12.1/log4j-api-2.12.1.jar:/home/max/.m2/repository/org/slf4j/jul-to-slf4j/1.7.30/jul-to-slf4j-1.7.30.jar:/home/max/.m2/repository/jakarta/annotation/jakarta.annotation-api/1.3.5/jakarta.annotation-api-1.3.5.jar:/home/max/.m2/repository/org/yaml/snakeyaml/1.25/snakeyaml-1.25.jar:/home/max/.m2/repository/org/springframework/spring-messaging/5.2.3.RELEASE/spring-messaging-5.2.3.RELEASE.jar:/home/max/.m2/repository/org/springframework/spring-beans/5.2.3.RELEASE/spring-beans-5.2.3.RELEASE.jar:/home/max/.m2/repository/org/springframework/amqp/spring-rabbit/2.2.3.RELEASE/spring-rabbit-2.2.3.RELEASE.jar:/home/max/.m2/repository/com/rabbitmq/amqp-client/5.7.3/amqp-client-5.7.3.jar:/home/max/.m2/repository/org/springframework/amqp/spring-amqp/2.2.3.RELEASE/spring-amqp-2.2.3.RELEASE.jar:/home/max/.m2/repository/org/springframework/spring-context/5.2.3.RELEASE/spring-context-5.2.3.RELEASE.jar:/home/max/.m2/repository/org/springframework/spring-expression/5.2.3.RELEASE/spring-expression-5.2.3.RELEASE.jar:/home/max/.m2/repository/org/springframework/spring-tx/5.2.3.RELEASE/spring-tx-5.2.3.RELEASE.jar:/home/max/.m2/repository/org/springframework/cloud/spring-cloud-stream/3.0.1.RELEASE/spring-cloud-stream-3.0.1.RELEASE.jar:/home/max/.m2/repository/org/springframework/boot/spring-boot-starter-validation/2.2.4.RELEASE/spring-boot-starter-validation-2.2.4.RELEASE.jar:/home/max/.m2/repository/jakarta/validation/jakarta.validation-api/2.0.2/jakarta.validation-api-2.0.2.jar:/home/max/.m2/repository/org/apache/tomcat/embed/tomcat-embed-el/9.0.30/tomcat-embed-el-9.0.30.jar:/home/max/.m2/repository/org/hibernate/validator/hibernate-validator/6.0.18.Final/hibernate-validator-6.0.18.Final.jar:/home/max/.m2/repository/org/jboss/logging/jboss-logging/3.4.1.Final/jboss-logging-3.4.1.Final.jar:/home/max/.m2/repository/com/fasterxml/classmate/1.5.1/classmate-1.5.1.jar:/home/max/.m2/repository/org/springframework/integration/spring-integration-core/5.2.3.RELEASE/spring-integration-core-5.2.3.RELEASE.jar:/home/max/.m2/repository/io/projectreactor/reactor-core/3.3.2.RELEASE/reactor-core-3.3.2.RELEASE.jar:/home/max/.m2/repository/org/reactivestreams/reactive-streams/1.0.3/reactive-streams-1.0.3.jar:/home/max/.m2/repository/org/springframework/spring-aop/5.2.3.RELEASE/spring-aop-5.2.3.RELEASE.jar:/home/max/.m2/repository/org/springframework/integration/spring-integration-jmx/5.2.3.RELEASE/spring-integration-jmx-5.2.3.RELEASE.jar:/home/max/.m2/repository/org/springframework/retry/spring-retry/1.2.5.RELEASE/spring-retry-1.2.5.RELEASE.jar:/home/max/.m2/repository/org/springframework/cloud/spring-cloud-function-context/3.0.1.RELEASE/spring-cloud-function-context-3.0.1.RELEASE.jar:/home/max/.m2/repository/org/springframework/cloud/spring-cloud-function-core/3.0.1.RELEASE/spring-cloud-function-core-3.0.1.RELEASE.jar:/home/max/.m2/repository/javax/annotation/javax.annotation-api/1.3.2/javax.annotation-api-1.3.2.jar:/home/max/.m2/repository/org/springframework/cloud/spring-cloud-stream-binder-rabbit/3.0.1.RELEASE/spring-cloud-stream-binder-rabbit-3.0.1.RELEASE.jar:/home/max/.m2/repository/org/springframework/cloud/spring-cloud-stream-binder-rabbit-core/3.0.1.RELEASE/spring-cloud-stream-binder-rabbit-core-3.0.1.RELEASE.jar:/home/max/.m2/repository/org/springframework/integration/spring-integration-amqp/5.2.3.RELEASE/spring-integration-amqp-5.2.3.RELEASE.jar:/home/max/.m2/repository/org/springframework/spring-web/5.2.3.RELEASE/spring-web-5.2.3.RELEASE.jar:/home/max/.m2/repository/com/rabbitmq/http-client/2.1.0.RELEASE/http-client-2.1.0.RELEASE.jar:/home/max/.m2/repository/org/apache/httpcomponents/httpclient/4.5.10/httpclient-4.5.10.jar:/home/max/.m2/repository/org/apache/httpcomponents/httpcore/4.4.13/httpcore-4.4.13.jar:/home/max/.m2/repository/commons-codec/commons-codec/1.13/commons-codec-1.13.jar:/home/max/.m2/repository/org/springframework/boot/spring-boot-starter-test/2.2.4.RELEASE/spring-boot-starter-test-2.2.4.RELEASE.jar:/home/max/.m2/repository/org/springframework/boot/spring-boot-test/2.2.4.RELEASE/spring-boot-test-2.2.4.RELEASE.jar:/home/max/.m2/repository/org/springframework/boot/spring-boot-test-autoconfigure/2.2.4.RELEASE/spring-boot-test-autoconfigure-2.2.4.RELEASE.jar:/home/max/.m2/repository/com/jayway/jsonpath/json-path/2.4.0/json-path-2.4.0.jar:/home/max/.m2/repository/net/minidev/json-smart/2.3/json-smart-2.3.jar:/home/max/.m2/repository/net/minidev/accessors-smart/1.2/accessors-smart-1.2.jar:/home/max/.m2/repository/org/ow2/asm/asm/5.0.4/asm-5.0.4.jar:/home/max/.m2/repository/org/slf4j/slf4j-api/1.7.30/slf4j-api-1.7.30.jar:/home/max/.m2/repository/jakarta/xml/bind/jakarta.xml.bind-api/2.3.2/jakarta.xml.bind-api-2.3.2.jar:/home/max/.m2/repository/jakarta/activation/jakarta.activation-api/1.2.1/jakarta.activation-api-1.2.1.jar:/home/max/.m2/repository/org/junit/jupiter/junit-jupiter/5.5.2/junit-jupiter-5.5.2.jar:/home/max/.m2/repository/org/junit/jupiter/junit-jupiter-api/5.5.2/junit-jupiter-api-5.5.2.jar:/home/max/.m2/repository/org/apiguardian/apiguardian-api/1.1.0/apiguardian-api-1.1.0.jar:/home/max/.m2/repository/org/opentest4j/opentest4j/1.2.0/opentest4j-1.2.0.jar:/home/max/.m2/repository/org/junit/platform/junit-platform-commons/1.5.2/junit-platform-commons-1.5.2.jar:/home/max/.m2/repository/org/junit/jupiter/junit-jupiter-params/5.5.2/junit-jupiter-params-5.5.2.jar:/home/max/.m2/repository/org/junit/jupiter/junit-jupiter-engine/5.5.2/junit-jupiter-engine-5.5.2.jar:/home/max/.m2/repository/org/junit/platform/junit-platform-engine/1.5.2/junit-platform-engine-1.5.2.jar:/home/max/.m2/repository/org/mockito/mockito-junit-jupiter/3.1.0/mockito-junit-jupiter-3.1.0.jar:/home/max/.m2/repository/org/assertj/assertj-core/3.13.2/assertj-core-3.13.2.jar:/home/max/.m2/repository/org/hamcrest/hamcrest/2.1/hamcrest-2.1.jar:/home/max/.m2/repository/org/mockito/mockito-core/3.1.0/mockito-core-3.1.0.jar:/home/max/.m2/repository/net/bytebuddy/byte-buddy/1.10.6/byte-buddy-1.10.6.jar:/home/max/.m2/repository/net/bytebuddy/byte-buddy-agent/1.10.6/byte-buddy-agent-1.10.6.jar:/home/max/.m2/repository/org/objenesis/objenesis/2.6/objenesis-2.6.jar:/home/max/.m2/repository/org/skyscreamer/jsonassert/1.5.0/jsonassert-1.5.0.jar:/home/max/.m2/repository/com/vaadin/external/google/android-json/0.0.20131108.vaadin1/android-json-0.0.20131108.vaadin1.jar:/home/max/.m2/repository/org/springframework/spring-core/5.2.3.RELEASE/spring-core-5.2.3.RELEASE.jar:/home/max/.m2/repository/org/springframework/spring-jcl/5.2.3.RELEASE/spring-jcl-5.2.3.RELEASE.jar:/home/max/.m2/repository/org/springframework/spring-test/5.2.3.RELEASE/spring-test-5.2.3.RELEASE.jar:/home/max/.m2/repository/org/xmlunit/xmlunit-core/2.6.3/xmlunit-core-2.6.3.jar:/home/max/.m2/repository/org/springframework/amqp/spring-rabbit-test/2.2.3.RELEASE/spring-rabbit-test-2.2.3.RELEASE.jar:/home/max/.m2/repository/org/hamcrest/hamcrest-core/2.1/hamcrest-core-2.1.jar:/home/max/.m2/repository/org/hamcrest/hamcrest-library/2.1/hamcrest-library-2.1.jar:/home/max/.m2/repository/org/springframework/amqp/spring-rabbit-junit/2.2.3.RELEASE/spring-rabbit-junit-2.2.3.RELEASE.jar:/home/max/.m2/repository/org/springframework/cloud/spring-cloud-starter-contract-stub-runner/2.2.1.RELEASE/spring-cloud-starter-contract-stub-runner-2.2.1.RELEASE.jar:/home/max/.m2/repository/org/springframework/cloud/spring-cloud-contract-stub-runner/2.2.1.RELEASE/spring-cloud-contract-stub-runner-2.2.1.RELEASE.jar:/home/max/.m2/repository/org/springframework/cloud/spring-cloud-contract-verifier/2.2.1.RELEASE/spring-cloud-contract-verifier-2.2.1.RELEASE.jar:/home/max/.m2/repository/javax/inject/javax.inject/1/javax.inject-1.jar:/home/max/.m2/repository/com/toomuchcoding/jsonassert/jsonassert/0.4.13/jsonassert-0.4.13.jar:/home/max/.m2/repository/com/rackspace/eclipse/webtools/sourceediting/org.eclipse.wst.xml.xpath2.processor/2.1.100/org.eclipse.wst.xml.xpath2.processor-2.1.100.jar:/home/max/.m2/repository/edu/princeton/cup/java-cup/10k/java-cup-10k.jar:/home/max/.m2/repository/com/ibm/icu/icu4j/4.6/icu4j-4.6.jar:/home/max/.m2/repository/org/codehaus/groovy/groovy/2.5.9/groovy-2.5.9.jar:/home/max/.m2/repository/org/codehaus/groovy/groovy-nio/2.5.9/groovy-nio-2.5.9.jar:/home/max/.m2/repository/org/codehaus/groovy/groovy-json/2.5.9/groovy-json-2.5.9.jar:/home/max/.m2/repository/org/codehaus/groovy/groovy-xml/2.5.9/groovy-xml-2.5.9.jar:/home/max/.m2/repository/com/github/jknack/handlebars/4.1.2/handlebars-4.1.2.jar:/home/max/.m2/repository/commons-beanutils/commons-beanutils/1.9.4/commons-beanutils-1.9.4.jar:/home/max/.m2/repository/commons-logging/commons-logging/1.2/commons-logging-1.2.jar:/home/max/.m2/repository/commons-collections/commons-collections/3.2.2/commons-collections-3.2.2.jar:/home/max/.m2/repository/com/fasterxml/jackson/dataformat/jackson-dataformat-yaml/2.10.2/jackson-dataformat-yaml-2.10.2.jar:/home/max/.m2/repository/org/springframework/cloud/spring-cloud-function-compiler/3.0.1.RELEASE/spring-cloud-function-compiler-3.0.1.RELEASE.jar:/home/max/.m2/repository/org/eclipse/jdt/core/compiler/ecj/4.4.2/ecj-4.4.2.jar:/home/max/.m2/repository/org/springframework/cloud/spring-cloud-contract-shade/2.2.1.RELEASE/spring-cloud-contract-shade-2.2.1.RELEASE.jar:/home/max/.m2/repository/org/springframework/cloud/spring-cloud-contract-converters/2.2.1.RELEASE/spring-cloud-contract-converters-2.2.1.RELEASE.jar:/home/max/.m2/repository/org/springframework/cloud/spring-cloud-contract-spec/2.2.1.RELEASE/spring-cloud-contract-spec-2.2.1.RELEASE.jar:/home/max/.m2/repository/org/springframework/cloud/spring-cloud-contract-spec-java/2.2.1.RELEASE/spring-cloud-contract-spec-java-2.2.1.RELEASE.jar:/home/max/.m2/repository/dk/brics/automaton/automaton/1.11-8/automaton-1.11-8.jar:/home/max/.m2/repository/org/apache/commons/commons-text/1.7/commons-text-1.7.jar:/home/max/.m2/repository/org/apache/commons/commons-lang3/3.9/commons-lang3-3.9.jar:/home/max/.m2/repository/org/springframework/cloud/spring-cloud-contract-spec-groovy/2.2.1.RELEASE/spring-cloud-contract-spec-groovy-2.2.1.RELEASE.jar:/home/max/.m2/repository/org/eclipse/jgit/org.eclipse.jgit/5.1.3.201810200350-r/org.eclipse.jgit-5.1.3.201810200350-r.jar:/home/max/.m2/repository/com/jcraft/jsch/0.1.54/jsch-0.1.54.jar:/home/max/.m2/repository/com/jcraft/jzlib/1.1.1/jzlib-1.1.1.jar:/home/max/.m2/repository/com/googlecode/javaewah/JavaEWAH/1.1.6/JavaEWAH-1.1.6.jar:/home/max/.m2/repository/com/jcraft/jsch.agentproxy.sshagent/0.0.9/jsch.agentproxy.sshagent-0.0.9.jar:/home/max/.m2/repository/com/jcraft/jsch.agentproxy.core/0.0.9/jsch.agentproxy.core-0.0.9.jar:/home/max/.m2/repository/com/jcraft/jsch.agentproxy.jsch/0.0.9/jsch.agentproxy.jsch-0.0.9.jar:/home/max/.m2/repository/com/jcraft/jsch.agentproxy.usocket-jna/0.0.9/jsch.agentproxy.usocket-jna-0.0.9.jar:/home/max/.m2/repository/net/java/dev/jna/jna/4.5.2/jna-4.5.2.jar:/home/max/.m2/repository/net/java/dev/jna/jna-platform/4.5.2/jna-platform-4.5.2.jar:/home/max/.m2/repository/org/springframework/cloud/spring-cloud-contract-wiremock/2.2.1.RELEASE/spring-cloud-contract-wiremock-2.2.1.RELEASE.jar:/home/max/.m2/repository/com/github/tomakehurst/wiremock-jre8-standalone/2.25.1/wiremock-jre8-standalone-2.25.1.jar:/home/max/.m2/repository/org/apache/maven/resolver/maven-resolver-api/1.3.3/maven-resolver-api-1.3.3.jar:/home/max/.m2/repository/org/springframework/cloud/spring-cloud-stream-test-support/3.0.1.RELEASE/spring-cloud-stream-test-support-3.0.1.RELEASE.jar:/home/max/.m2/repository/org/springframework/boot/spring-boot-autoconfigure/2.2.4.RELEASE/spring-boot-autoconfigure-2.2.4.RELEASE.jar:/home/max/.m2/repository/com/fasterxml/jackson/core/jackson-databind/2.10.2/jackson-databind-2.10.2.jar:/home/max/.m2/repository/com/fasterxml/jackson/core/jackson-annotations/2.10.2/jackson-annotations-2.10.2.jar:/home/max/.m2/repository/com/fasterxml/jackson/core/jackson-core/2.10.2/jackson-core-2.10.2.jar:"/>
    <property name="java.vm.vendor" value="Oracle Corporation"/>
    <property name="sun.arch.data.model" value="64"/>
    <property name="java.vendor.url" value="http://java.oracle.com/"/>
    <property name="user.timezone" value=""/>
    <property name="java.vm.specification.version" value="11"/>
    <property name="os.name" value="Linux"/>
    <property name="sun.java.launcher" value="SUN_STANDARD"/>
    <property name="user.country" value="FR"/>
    <property name="sun.boot.library.path" value="/usr/lib/jvm/java-11-openjdk/lib"/>
    <property name="sun.java.command" value="/home/max/workspace/conferences/devoxx2020-contract-testing/delivery/target/surefire/surefirebooter2438572926199703697.jar /home/max/workspace/conferences/devoxx2020-contract-testing/delivery/target/surefire 2020-03-02T17-34-14_303-jvmRun1 surefire3251099684663158832tmp surefire_0393638542031570673tmp"/>
    <property name="jdk.debug" value="release"/>
    <property name="surefire.test.class.path" value="/home/max/workspace/conferences/devoxx2020-contract-testing/delivery/target/test-classes:/home/max/workspace/conferences/devoxx2020-contract-testing/delivery/target/classes:/home/max/.m2/repository/org/projectlombok/lombok/1.18.4/lombok-1.18.4.jar:/home/max/.m2/repository/org/springframework/boot/spring-boot-starter-amqp/2.2.4.RELEASE/spring-boot-starter-amqp-2.2.4.RELEASE.jar:/home/max/.m2/repository/org/springframework/boot/spring-boot-starter/2.2.4.RELEASE/spring-boot-starter-2.2.4.RELEASE.jar:/home/max/.m2/repository/org/springframework/boot/spring-boot/2.2.4.RELEASE/spring-boot-2.2.4.RELEASE.jar:/home/max/.m2/repository/org/springframework/boot/spring-boot-starter-logging/2.2.4.RELEASE/spring-boot-starter-logging-2.2.4.RELEASE.jar:/home/max/.m2/repository/ch/qos/logback/logback-classic/1.2.3/logback-classic-1.2.3.jar:/home/max/.m2/repository/ch/qos/logback/logback-core/1.2.3/logback-core-1.2.3.jar:/home/max/.m2/repository/org/apache/logging/log4j/log4j-to-slf4j/2.12.1/log4j-to-slf4j-2.12.1.jar:/home/max/.m2/repository/org/apache/logging/log4j/log4j-api/2.12.1/log4j-api-2.12.1.jar:/home/max/.m2/repository/org/slf4j/jul-to-slf4j/1.7.30/jul-to-slf4j-1.7.30.jar:/home/max/.m2/repository/jakarta/annotation/jakarta.annotation-api/1.3.5/jakarta.annotation-api-1.3.5.jar:/home/max/.m2/repository/org/yaml/snakeyaml/1.25/snakeyaml-1.25.jar:/home/max/.m2/repository/org/springframework/spring-messaging/5.2.3.RELEASE/spring-messaging-5.2.3.RELEASE.jar:/home/max/.m2/repository/org/springframework/spring-beans/5.2.3.RELEASE/spring-beans-5.2.3.RELEASE.jar:/home/max/.m2/repository/org/springframework/amqp/spring-rabbit/2.2.3.RELEASE/spring-rabbit-2.2.3.RELEASE.jar:/home/max/.m2/repository/com/rabbitmq/amqp-client/5.7.3/amqp-client-5.7.3.jar:/home/max/.m2/repository/org/springframework/amqp/spring-amqp/2.2.3.RELEASE/spring-amqp-2.2.3.RELEASE.jar:/home/max/.m2/repository/org/springframework/spring-context/5.2.3.RELEASE/spring-context-5.2.3.RELEASE.jar:/home/max/.m2/repository/org/springframework/spring-expression/5.2.3.RELEASE/spring-expression-5.2.3.RELEASE.jar:/home/max/.m2/repository/org/springframework/spring-tx/5.2.3.RELEASE/spring-tx-5.2.3.RELEASE.jar:/home/max/.m2/repository/org/springframework/cloud/spring-cloud-stream/3.0.1.RELEASE/spring-cloud-stream-3.0.1.RELEASE.jar:/home/max/.m2/repository/org/springframework/boot/spring-boot-starter-validation/2.2.4.RELEASE/spring-boot-starter-validation-2.2.4.RELEASE.jar:/home/max/.m2/repository/jakarta/validation/jakarta.validation-api/2.0.2/jakarta.validation-api-2.0.2.jar:/home/max/.m2/repository/org/apache/tomcat/embed/tomcat-embed-el/9.0.30/tomcat-embed-el-9.0.30.jar:/home/max/.m2/repository/org/hibernate/validator/hibernate-validator/6.0.18.Final/hibernate-validator-6.0.18.Final.jar:/home/max/.m2/repository/org/jboss/logging/jboss-logging/3.4.1.Final/jboss-logging-3.4.1.Final.jar:/home/max/.m2/repository/com/fasterxml/classmate/1.5.1/classmate-1.5.1.jar:/home/max/.m2/repository/org/springframework/integration/spring-integration-core/5.2.3.RELEASE/spring-integration-core-5.2.3.RELEASE.jar:/home/max/.m2/repository/io/projectreactor/reactor-core/3.3.2.RELEASE/reactor-core-3.3.2.RELEASE.jar:/home/max/.m2/repository/org/reactivestreams/reactive-streams/1.0.3/reactive-streams-1.0.3.jar:/home/max/.m2/repository/org/springframework/spring-aop/5.2.3.RELEASE/spring-aop-5.2.3.RELEASE.jar:/home/max/.m2/repository/org/springframework/integration/spring-integration-jmx/5.2.3.RELEASE/spring-integration-jmx-5.2.3.RELEASE.jar:/home/max/.m2/repository/org/springframework/retry/spring-retry/1.2.5.RELEASE/spring-retry-1.2.5.RELEASE.jar:/home/max/.m2/repository/org/springframework/cloud/spring-cloud-function-context/3.0.1.RELEASE/spring-cloud-function-context-3.0.1.RELEASE.jar:/home/max/.m2/repository/org/springframework/cloud/spring-cloud-function-core/3.0.1.RELEASE/spring-cloud-function-core-3.0.1.RELEASE.jar:/home/max/.m2/repository/javax/annotation/javax.annotation-api/1.3.2/javax.annotation-api-1.3.2.jar:/home/max/.m2/repository/org/springframework/cloud/spring-cloud-stream-binder-rabbit/3.0.1.RELEASE/spring-cloud-stream-binder-rabbit-3.0.1.RELEASE.jar:/home/max/.m2/repository/org/springframework/cloud/spring-cloud-stream-binder-rabbit-core/3.0.1.RELEASE/spring-cloud-stream-binder-rabbit-core-3.0.1.RELEASE.jar:/home/max/.m2/repository/org/springframework/integration/spring-integration-amqp/5.2.3.RELEASE/spring-integration-amqp-5.2.3.RELEASE.jar:/home/max/.m2/repository/org/springframework/spring-web/5.2.3.RELEASE/spring-web-5.2.3.RELEASE.jar:/home/max/.m2/repository/com/rabbitmq/http-client/2.1.0.RELEASE/http-client-2.1.0.RELEASE.jar:/home/max/.m2/repository/org/apache/httpcomponents/httpclient/4.5.10/httpclient-4.5.10.jar:/home/max/.m2/repository/org/apache/httpcomponents/httpcore/4.4.13/httpcore-4.4.13.jar:/home/max/.m2/repository/commons-codec/commons-codec/1.13/commons-codec-1.13.jar:/home/max/.m2/repository/org/springframework/boot/spring-boot-starter-test/2.2.4.RELEASE/spring-boot-starter-test-2.2.4.RELEASE.jar:/home/max/.m2/repository/org/springframework/boot/spring-boot-test/2.2.4.RELEASE/spring-boot-test-2.2.4.RELEASE.jar:/home/max/.m2/repository/org/springframework/boot/spring-boot-test-autoconfigure/2.2.4.RELEASE/spring-boot-test-autoconfigure-2.2.4.RELEASE.jar:/home/max/.m2/repository/com/jayway/jsonpath/json-path/2.4.0/json-path-2.4.0.jar:/home/max/.m2/repository/net/minidev/json-smart/2.3/json-smart-2.3.jar:/home/max/.m2/repository/net/minidev/accessors-smart/1.2/accessors-smart-1.2.jar:/home/max/.m2/repository/org/ow2/asm/asm/5.0.4/asm-5.0.4.jar:/home/max/.m2/repository/org/slf4j/slf4j-api/1.7.30/slf4j-api-1.7.30.jar:/home/max/.m2/repository/jakarta/xml/bind/jakarta.xml.bind-api/2.3.2/jakarta.xml.bind-api-2.3.2.jar:/home/max/.m2/repository/jakarta/activation/jakarta.activation-api/1.2.1/jakarta.activation-api-1.2.1.jar:/home/max/.m2/repository/org/junit/jupiter/junit-jupiter/5.5.2/junit-jupiter-5.5.2.jar:/home/max/.m2/repository/org/junit/jupiter/junit-jupiter-api/5.5.2/junit-jupiter-api-5.5.2.jar:/home/max/.m2/repository/org/apiguardian/apiguardian-api/1.1.0/apiguardian-api-1.1.0.jar:/home/max/.m2/repository/org/opentest4j/opentest4j/1.2.0/opentest4j-1.2.0.jar:/home/max/.m2/repository/org/junit/platform/junit-platform-commons/1.5.2/junit-platform-commons-1.5.2.jar:/home/max/.m2/repository/org/junit/jupiter/junit-jupiter-params/5.5.2/junit-jupiter-params-5.5.2.jar:/home/max/.m2/repository/org/junit/jupiter/junit-jupiter-engine/5.5.2/junit-jupiter-engine-5.5.2.jar:/home/max/.m2/repository/org/junit/platform/junit-platform-engine/1.5.2/junit-platform-engine-1.5.2.jar:/home/max/.m2/repository/org/mockito/mockito-junit-jupiter/3.1.0/mockito-junit-jupiter-3.1.0.jar:/home/max/.m2/repository/org/assertj/assertj-core/3.13.2/assertj-core-3.13.2.jar:/home/max/.m2/repository/org/hamcrest/hamcrest/2.1/hamcrest-2.1.jar:/home/max/.m2/repository/org/mockito/mockito-core/3.1.0/mockito-core-3.1.0.jar:/home/max/.m2/repository/net/bytebuddy/byte-buddy/1.10.6/byte-buddy-1.10.6.jar:/home/max/.m2/repository/net/bytebuddy/byte-buddy-agent/1.10.6/byte-buddy-agent-1.10.6.jar:/home/max/.m2/repository/org/objenesis/objenesis/2.6/objenesis-2.6.jar:/home/max/.m2/repository/org/skyscreamer/jsonassert/1.5.0/jsonassert-1.5.0.jar:/home/max/.m2/repository/com/vaadin/external/google/android-json/0.0.20131108.vaadin1/android-json-0.0.20131108.vaadin1.jar:/home/max/.m2/repository/org/springframework/spring-core/5.2.3.RELEASE/spring-core-5.2.3.RELEASE.jar:/home/max/.m2/repository/org/springframework/spring-jcl/5.2.3.RELEASE/spring-jcl-5.2.3.RELEASE.jar:/home/max/.m2/repository/org/springframework/spring-test/5.2.3.RELEASE/spring-test-5.2.3.RELEASE.jar:/home/max/.m2/repository/org/xmlunit/xmlunit-core/2.6.3/xmlunit-core-2.6.3.jar:/home/max/.m2/repository/org/springframework/amqp/spring-rabbit-test/2.2.3.RELEASE/spring-rabbit-test-2.2.3.RELEASE.jar:/home/max/.m2/repository/org/hamcrest/hamcrest-core/2.1/hamcrest-core-2.1.jar:/home/max/.m2/repository/org/hamcrest/hamcrest-library/2.1/hamcrest-library-2.1.jar:/home/max/.m2/repository/org/springframework/amqp/spring-rabbit-junit/2.2.3.RELEASE/spring-rabbit-junit-2.2.3.RELEASE.jar:/home/max/.m2/repository/org/springframework/cloud/spring-cloud-starter-contract-stub-runner/2.2.1.RELEASE/spring-cloud-starter-contract-stub-runner-2.2.1.RELEASE.jar:/home/max/.m2/repository/org/springframework/cloud/spring-cloud-contract-stub-runner/2.2.1.RELEASE/spring-cloud-contract-stub-runner-2.2.1.RELEASE.jar:/home/max/.m2/repository/org/springframework/cloud/spring-cloud-contract-verifier/2.2.1.RELEASE/spring-cloud-contract-verifier-2.2.1.RELEASE.jar:/home/max/.m2/repository/javax/inject/javax.inject/1/javax.inject-1.jar:/home/max/.m2/repository/com/toomuchcoding/jsonassert/jsonassert/0.4.13/jsonassert-0.4.13.jar:/home/max/.m2/repository/com/rackspace/eclipse/webtools/sourceediting/org.eclipse.wst.xml.xpath2.processor/2.1.100/org.eclipse.wst.xml.xpath2.processor-2.1.100.jar:/home/max/.m2/repository/edu/princeton/cup/java-cup/10k/java-cup-10k.jar:/home/max/.m2/repository/com/ibm/icu/icu4j/4.6/icu4j-4.6.jar:/home/max/.m2/repository/org/codehaus/groovy/groovy/2.5.9/groovy-2.5.9.jar:/home/max/.m2/repository/org/codehaus/groovy/groovy-nio/2.5.9/groovy-nio-2.5.9.jar:/home/max/.m2/repository/org/codehaus/groovy/groovy-json/2.5.9/groovy-json-2.5.9.jar:/home/max/.m2/repository/org/codehaus/groovy/groovy-xml/2.5.9/groovy-xml-2.5.9.jar:/home/max/.m2/repository/com/github/jknack/handlebars/4.1.2/handlebars-4.1.2.jar:/home/max/.m2/repository/commons-beanutils/commons-beanutils/1.9.4/commons-beanutils-1.9.4.jar:/home/max/.m2/repository/commons-logging/commons-logging/1.2/commons-logging-1.2.jar:/home/max/.m2/repository/commons-collections/commons-collections/3.2.2/commons-collections-3.2.2.jar:/home/max/.m2/repository/com/fasterxml/jackson/dataformat/jackson-dataformat-yaml/2.10.2/jackson-dataformat-yaml-2.10.2.jar:/home/max/.m2/repository/org/springframework/cloud/spring-cloud-function-compiler/3.0.1.RELEASE/spring-cloud-function-compiler-3.0.1.RELEASE.jar:/home/max/.m2/repository/org/eclipse/jdt/core/compiler/ecj/4.4.2/ecj-4.4.2.jar:/home/max/.m2/repository/org/springframework/cloud/spring-cloud-contract-shade/2.2.1.RELEASE/spring-cloud-contract-shade-2.2.1.RELEASE.jar:/home/max/.m2/repository/org/springframework/cloud/spring-cloud-contract-converters/2.2.1.RELEASE/spring-cloud-contract-converters-2.2.1.RELEASE.jar:/home/max/.m2/repository/org/springframework/cloud/spring-cloud-contract-spec/2.2.1.RELEASE/spring-cloud-contract-spec-2.2.1.RELEASE.jar:/home/max/.m2/repository/org/springframework/cloud/spring-cloud-contract-spec-java/2.2.1.RELEASE/spring-cloud-contract-spec-java-2.2.1.RELEASE.jar:/home/max/.m2/repository/dk/brics/automaton/automaton/1.11-8/automaton-1.11-8.jar:/home/max/.m2/repository/org/apache/commons/commons-text/1.7/commons-text-1.7.jar:/home/max/.m2/repository/org/apache/commons/commons-lang3/3.9/commons-lang3-3.9.jar:/home/max/.m2/repository/org/springframework/cloud/spring-cloud-contract-spec-groovy/2.2.1.RELEASE/spring-cloud-contract-spec-groovy-2.2.1.RELEASE.jar:/home/max/.m2/repository/org/eclipse/jgit/org.eclipse.jgit/5.1.3.201810200350-r/org.eclipse.jgit-5.1.3.201810200350-r.jar:/home/max/.m2/repository/com/jcraft/jsch/0.1.54/jsch-0.1.54.jar:/home/max/.m2/repository/com/jcraft/jzlib/1.1.1/jzlib-1.1.1.jar:/home/max/.m2/repository/com/googlecode/javaewah/JavaEWAH/1.1.6/JavaEWAH-1.1.6.jar:/home/max/.m2/repository/com/jcraft/jsch.agentproxy.sshagent/0.0.9/jsch.agentproxy.sshagent-0.0.9.jar:/home/max/.m2/repository/com/jcraft/jsch.agentproxy.core/0.0.9/jsch.agentproxy.core-0.0.9.jar:/home/max/.m2/repository/com/jcraft/jsch.agentproxy.jsch/0.0.9/jsch.agentproxy.jsch-0.0.9.jar:/home/max/.m2/repository/com/jcraft/jsch.agentproxy.usocket-jna/0.0.9/jsch.agentproxy.usocket-jna-0.0.9.jar:/home/max/.m2/repository/net/java/dev/jna/jna/4.5.2/jna-4.5.2.jar:/home/max/.m2/repository/net/java/dev/jna/jna-platform/4.5.2/jna-platform-4.5.2.jar:/home/max/.m2/repository/org/springframework/cloud/spring-cloud-contract-wiremock/2.2.1.RELEASE/spring-cloud-contract-wiremock-2.2.1.RELEASE.jar:/home/max/.m2/repository/com/github/tomakehurst/wiremock-jre8-standalone/2.25.1/wiremock-jre8-standalone-2.25.1.jar:/home/max/.m2/repository/org/apache/maven/resolver/maven-resolver-api/1.3.3/maven-resolver-api-1.3.3.jar:/home/max/.m2/repository/org/springframework/cloud/spring-cloud-stream-test-support/3.0.1.RELEASE/spring-cloud-stream-test-support-3.0.1.RELEASE.jar:/home/max/.m2/repository/org/springframework/boot/spring-boot-autoconfigure/2.2.4.RELEASE/spring-boot-autoconfigure-2.2.4.RELEASE.jar:/home/max/.m2/repository/com/fasterxml/jackson/core/jackson-databind/2.10.2/jackson-databind-2.10.2.jar:/home/max/.m2/repository/com/fasterxml/jackson/core/jackson-annotations/2.10.2/jackson-annotations-2.10.2.jar:/home/max/.m2/repository/com/fasterxml/jackson/core/jackson-core/2.10.2/jackson-core-2.10.2.jar:"/>
    <property name="sun.cpu.endian" value="little"/>
    <property name="user.home" value="/home/max"/>
    <property name="user.language" value="fr"/>
    <property name="java.specification.vendor" value="Oracle Corporation"/>
    <property name="java.version.date" value="2020-01-14"/>
    <property name="java.home" value="/usr/lib/jvm/java-11-openjdk"/>
    <property name="file.separator" value="/"/>
    <property name="basedir" value="/home/max/workspace/conferences/devoxx2020-contract-testing/delivery"/>
    <property name="java.vm.compressedOopsMode" value="Zero based"/>
    <property name="line.separator" value="&#10;"/>
    <property name="java.specification.name" value="Java Platform API Specification"/>
    <property name="java.vm.specification.vendor" value="Oracle Corporation"/>
    <property name="java.awt.graphicsenv" value="sun.awt.X11GraphicsEnvironment"/>
    <property name="surefire.real.class.path" value="/home/max/workspace/conferences/devoxx2020-contract-testing/delivery/target/surefire/surefirebooter2438572926199703697.jar"/>
    <property name="sun.management.compiler" value="HotSpot 64-Bit Tiered Compilers"/>
    <property name="java.runtime.version" value="11.0.6+10"/>
    <property name="user.name" value="max"/>
    <property name="path.separator" value=":"/>
    <property name="os.version" value="5.5.7-arch1-1"/>
    <property name="java.runtime.name" value="OpenJDK Runtime Environment"/>
    <property name="file.encoding" value="UTF-8"/>
    <property name="java.vm.name" value="OpenJDK 64-Bit Server VM"/>
    <property name="localRepository" value="/home/max/.m2/repository"/>
    <property name="java.vendor.url.bug" value="http://bugreport.java.com/bugreport/"/>
    <property name="java.io.tmpdir" value="/tmp"/>
    <property name="java.version" value="11.0.6"/>
    <property name="user.dir" value="/home/max/workspace/conferences/devoxx2020-contract-testing/delivery"/>
    <property name="os.arch" value="amd64"/>
    <property name="java.vm.specification.name" value="Java Virtual Machine Specification"/>
    <property name="java.awt.printerjob" value="sun.print.PSPrinterJob"/>
    <property name="sun.os.patch.level" value="unknown"/>
    <property name="idea.version2019.3.3" value="true"/>
    <property name="java.library.path" value="/usr/java/packages/lib:/usr/lib64:/lib64:/lib:/usr/lib"/>
    <property name="java.vendor" value="Oracle Corporation"/>
    <property name="java.vm.info" value="mixed mode"/>
    <property name="java.vm.version" value="11.0.6+10"/>
    <property name="sun.io.unicode.encoding" value="UnicodeLittle"/>
    <property name="java.class.version" value="55.0"/>
  </properties>
  <testcase name="should_correctly_process_order" classname="com.devoxx.delivery.DeliveryApplicationTests" time="0.651">
    <failure message="&#10;Expecting:&#10;  &lt;[]&gt;&#10;to contain exactly (and in same order):&#10;  &lt;[Order(bookId=d4d37e73-77a0-4616-8bd2-5ed983d45d14, number=2, clientId=yannick)]&gt;&#10;but could not find the following elements:&#10;  &lt;[Order(bookId=d4d37e73-77a0-4616-8bd2-5ed983d45d14, number=2, clientId=yannick)]&gt;&#10;" type="java.lang.AssertionError"><![CDATA[java.lang.AssertionError: 

Expecting:
  <[]>
to contain exactly (and in same order):
  <[Order(bookId=d4d37e73-77a0-4616-8bd2-5ed983d45d14, number=2, clientId=yannick)]>
but could not find the following elements:
  <[Order(bookId=d4d37e73-77a0-4616-8bd2-5ed983d45d14, number=2, clientId=yannick)]>

	at com.devoxx.delivery.DeliveryApplicationTests.should_correctly_process_order(DeliveryApplicationTests.java:33)
]]></failure>
    <system-out><![CDATA[17:34:15.379 [main] DEBUG org.springframework.test.context.BootstrapUtils - Instantiating CacheAwareContextLoaderDelegate from class [org.springframework.test.context.cache.DefaultCacheAwareContextLoaderDelegate]
17:34:15.391 [main] DEBUG org.springframework.test.context.BootstrapUtils - Instantiating BootstrapContext using constructor [public org.springframework.test.context.support.DefaultBootstrapContext(java.lang.Class,org.springframework.test.context.CacheAwareContextLoaderDelegate)]
17:34:15.419 [main] DEBUG org.springframework.test.context.BootstrapUtils - Instantiating TestContextBootstrapper for test class [com.devoxx.delivery.DeliveryApplicationTests] from class [org.springframework.boot.test.context.SpringBootTestContextBootstrapper]
17:34:15.433 [main] INFO org.springframework.boot.test.context.SpringBootTestContextBootstrapper - Neither @ContextConfiguration nor @ContextHierarchy found for test class [com.devoxx.delivery.DeliveryApplicationTests], using SpringBootContextLoader
17:34:15.437 [main] DEBUG org.springframework.test.context.support.AbstractContextLoader - Did not detect default resource location for test class [com.devoxx.delivery.DeliveryApplicationTests]: class path resource [com/devoxx/delivery/DeliveryApplicationTests-context.xml] does not exist
17:34:15.438 [main] DEBUG org.springframework.test.context.support.AbstractContextLoader - Did not detect default resource location for test class [com.devoxx.delivery.DeliveryApplicationTests]: class path resource [com/devoxx/delivery/DeliveryApplicationTestsContext.groovy] does not exist
17:34:15.439 [main] INFO org.springframework.test.context.support.AbstractContextLoader - Could not detect default resource locations for test class [com.devoxx.delivery.DeliveryApplicationTests]: no resource found for suffixes {-context.xml, Context.groovy}.
17:34:15.440 [main] INFO org.springframework.test.context.support.AnnotationConfigContextLoaderUtils - Could not detect default configuration classes for test class [com.devoxx.delivery.DeliveryApplicationTests]: DeliveryApplicationTests does not declare any static, non-private, non-final, nested classes annotated with @Configuration.
17:34:15.478 [main] DEBUG org.springframework.test.context.support.ActiveProfilesUtils - Could not find an 'annotation declaring class' for annotation type [org.springframework.test.context.ActiveProfiles] and class [com.devoxx.delivery.DeliveryApplicationTests]
17:34:15.541 [main] DEBUG org.springframework.context.annotation.ClassPathScanningCandidateComponentProvider - Identified candidate component class: file [/home/max/workspace/conferences/devoxx2020-contract-testing/delivery/target/classes/com/devoxx/delivery/DeliveryApplication.class]
17:34:15.543 [main] INFO org.springframework.boot.test.context.SpringBootTestContextBootstrapper - Found @SpringBootConfiguration com.devoxx.delivery.DeliveryApplication for test class com.devoxx.delivery.DeliveryApplicationTests
17:34:15.644 [main] DEBUG org.springframework.boot.test.context.SpringBootTestContextBootstrapper - @TestExecutionListeners is not present for class [com.devoxx.delivery.DeliveryApplicationTests]: using defaults.
17:34:15.645 [main] INFO org.springframework.boot.test.context.SpringBootTestContextBootstrapper - Loaded default TestExecutionListener class names from location [META-INF/spring.factories]: [org.springframework.boot.test.mock.mockito.MockitoTestExecutionListener, org.springframework.boot.test.mock.mockito.ResetMocksTestExecutionListener, org.springframework.boot.test.autoconfigure.restdocs.RestDocsTestExecutionListener, org.springframework.boot.test.autoconfigure.web.client.MockRestServiceServerResetTestExecutionListener, org.springframework.boot.test.autoconfigure.web.servlet.MockMvcPrintOnlyOnFailureTestExecutionListener, org.springframework.boot.test.autoconfigure.web.servlet.WebDriverTestExecutionListener, org.springframework.test.context.web.ServletTestExecutionListener, org.springframework.test.context.support.DirtiesContextBeforeModesTestExecutionListener, org.springframework.test.context.support.DependencyInjectionTestExecutionListener, org.springframework.test.context.support.DirtiesContextTestExecutionListener, org.springframework.test.context.transaction.TransactionalTestExecutionListener, org.springframework.test.context.jdbc.SqlScriptsTestExecutionListener, org.springframework.test.context.event.EventPublishingTestExecutionListener, org.springframework.cloud.contract.stubrunner.provider.wiremock.StubRunnerWireMockTestExecutionListener, org.springframework.cloud.contract.wiremock.WireMockTestExecutionListener]
17:34:15.653 [main] DEBUG org.springframework.boot.test.context.SpringBootTestContextBootstrapper - Skipping candidate TestExecutionListener [org.springframework.test.context.web.ServletTestExecutionListener] due to a missing dependency. Specify custom listener classes or make the default listener classes and their required dependencies available. Offending class: [javax/servlet/ServletContext]
17:34:15.660 [main] INFO org.springframework.boot.test.context.SpringBootTestContextBootstrapper - Using TestExecutionListeners: [org.springframework.test.context.support.DirtiesContextBeforeModesTestExecutionListener@8692d67, org.springframework.boot.test.mock.mockito.MockitoTestExecutionListener@78f5c518, org.springframework.boot.test.autoconfigure.SpringBootDependencyInjectionTestExecutionListener@2f48b3d2, org.springframework.test.context.support.DirtiesContextTestExecutionListener@34f7234e, org.springframework.test.context.transaction.TransactionalTestExecutionListener@753432a2, org.springframework.test.context.jdbc.SqlScriptsTestExecutionListener@23bff419, org.springframework.test.context.event.EventPublishingTestExecutionListener@4983159f, org.springframework.boot.test.mock.mockito.ResetMocksTestExecutionListener@44e3a2b2, org.springframework.boot.test.autoconfigure.restdocs.RestDocsTestExecutionListener@101639ae, org.springframework.boot.test.autoconfigure.web.client.MockRestServiceServerResetTestExecutionListener@4c550889, org.springframework.boot.test.autoconfigure.web.servlet.MockMvcPrintOnlyOnFailureTestExecutionListener@1d2bd371, org.springframework.boot.test.autoconfigure.web.servlet.WebDriverTestExecutionListener@44040454, org.springframework.cloud.contract.stubrunner.provider.wiremock.StubRunnerWireMockTestExecutionListener@65fe9e33, org.springframework.cloud.contract.wiremock.WireMockTestExecutionListener@18bc345]
17:34:15.664 [main] DEBUG org.springframework.test.context.support.AbstractDirtiesContextTestExecutionListener - Before test class: context [DefaultTestContext@56e8b606 testClass = DeliveryApplicationTests, testInstance = [null], testMethod = [null], testException = [null], mergedContextConfiguration = [MergedContextConfiguration@2dd29a59 testClass = DeliveryApplicationTests, locations = '{}', classes = '{class com.devoxx.delivery.DeliveryApplication}', contextInitializerClasses = '[]', activeProfiles = '{}', propertySourceLocations = '{}', propertySourceProperties = '{org.springframework.boot.test.context.SpringBootTestContextBootstrapper=true}', contextCustomizers = set[org.springframework.boot.test.context.filter.ExcludeFilterContextCustomizer@2ca26d77, org.springframework.boot.test.json.DuplicateJsonObjectContextCustomizerFactory$DuplicateJsonObjectContextCustomizer@2ca923bb, org.springframework.boot.test.mock.mockito.MockitoContextCustomizer@0, org.springframework.boot.test.web.client.TestRestTemplateContextCustomizer@928763c, org.springframework.boot.test.autoconfigure.properties.PropertyMappingContextCustomizer@0, org.springframework.boot.test.autoconfigure.web.servlet.WebDriverContextCustomizerFactory$Customizer@2663e964], contextLoader = 'org.springframework.boot.test.context.SpringBootContextLoader', parent = [null]], attributes = map[[empty]]], class annotated with @DirtiesContext [false] with mode [null].
17:34:15.708 [main] DEBUG org.springframework.test.context.support.TestPropertySourceUtils - Adding inlined properties to environment: {spring.jmx.enabled=false, org.springframework.boot.test.context.SpringBootTestContextBootstrapper=true, server.port=-1}

  .   ____          _            __ _ _
 /\\ / ___'_ __ _ _(_)_ __  __ _ \ \ \ \
( ( )\___ | '_ | '_| | '_ \/ _` | \ \ \ \
 \\/  ___)| |_)| | | | | || (_| |  ) ) ) )
  '  |____| .__|_| |_|_| |_\__, | / / / /
 =========|_|==============|___/=/_/_/_/
 :: Spring Boot ::        (v2.2.4.RELEASE)

2020-03-02 17:34:16.115  INFO 32900 --- [           main] c.d.delivery.DeliveryApplicationTests    : Starting DeliveryApplicationTests on yoga with PID 32900 (started by max in /home/max/workspace/conferences/devoxx2020-contract-testing/delivery)
2020-03-02 17:34:16.118  INFO 32900 --- [           main] c.d.delivery.DeliveryApplicationTests    : No active profile set, falling back to default profiles: default
2020-03-02 17:34:17.519  INFO 32900 --- [           main] faultConfiguringBeanFactoryPostProcessor : No bean named 'errorChannel' has been explicitly defined. Therefore, a default PublishSubscribeChannel will be created.
2020-03-02 17:34:17.526  INFO 32900 --- [           main] faultConfiguringBeanFactoryPostProcessor : No bean named 'taskScheduler' has been explicitly defined. Therefore, a default ThreadPoolTaskScheduler will be created.
2020-03-02 17:34:17.531  INFO 32900 --- [           main] faultConfiguringBeanFactoryPostProcessor : No bean named 'integrationHeaderChannelRegistry' has been explicitly defined. Therefore, a default DefaultHeaderChannelRegistry will be created.
2020-03-02 17:34:17.626  INFO 32900 --- [           main] trationDelegate$BeanPostProcessorChecker : Bean 'integrationChannelResolver' of type [org.springframework.integration.support.channel.BeanFactoryChannelResolver] is not eligible for getting processed by all BeanPostProcessors (for example: not eligible for auto-proxying)
2020-03-02 17:34:17.634  INFO 32900 --- [           main] trationDelegate$BeanPostProcessorChecker : Bean 'integrationDisposableAutoCreatedBeans' of type [org.springframework.integration.config.annotation.Disposables] is not eligible for getting processed by all BeanPostProcessors (for example: not eligible for auto-proxying)
2020-03-02 17:34:17.653  INFO 32900 --- [           main] trationDelegate$BeanPostProcessorChecker : Bean 'org.springframework.integration.config.IntegrationManagementConfiguration' of type [org.springframework.integration.config.IntegrationManagementConfiguration] is not eligible for getting processed by all BeanPostProcessors (for example: not eligible for auto-proxying)
2020-03-02 17:34:19.227  INFO 32900 --- [           main] o.s.s.c.ThreadPoolTaskScheduler          : Initializing ExecutorService 'taskScheduler'
2020-03-02 17:34:19.410  INFO 32900 --- [           main] o.s.c.s.m.DirectWithAttributesChannel    : Channel 'application.orders' has 1 subscriber(s).
2020-03-02 17:34:19.413  INFO 32900 --- [           main] o.s.i.endpoint.EventDrivenConsumer       : Adding {logging-channel-adapter:_org.springframework.integration.errorLogger} as a subscriber to the 'errorChannel' channel
2020-03-02 17:34:19.413  INFO 32900 --- [           main] o.s.i.channel.PublishSubscribeChannel    : Channel 'application.errorChannel' has 1 subscriber(s).
2020-03-02 17:34:19.413  INFO 32900 --- [           main] o.s.i.endpoint.EventDrivenConsumer       : started bean '_org.springframework.integration.errorLogger'
2020-03-02 17:34:19.491  INFO 32900 --- [           main] c.d.delivery.DeliveryApplicationTests    : Started DeliveryApplicationTests in 3.781 seconds (JVM running for 4.912)
]]></system-out>
  </testcase>
</testsuite>