<?xml version="1.0" encoding="UTF-8"?>
<testsuite xmlns:xsi="http://www.w3.org/2001/XMLSchema-instance" xsi:noNamespaceSchemaLocation="https://maven.apache.org/surefire/maven-surefire-plugin/xsd/surefire-test-report.xsd" name="com.devoxx.checkout.ContractVerifierTest" time="2.189" tests="1" errors="1" skipped="0" failures="0">
  <properties>
    <property name="awt.toolkit" value="sun.awt.X11.XToolkit"/>
    <property name="java.specification.version" value="11"/>
    <property name="sun.cpu.isalist" value=""/>
    <property name="sun.jnu.encoding" value="UTF-8"/>
    <property name="java.class.path" value="/home/max/workspace/conferences/devoxx2020-contract-testing/checkout/target/test-classes:/home/max/workspace/conferences/devoxx2020-contract-testing/checkout/target/classes:/home/max/.m2/repository/org/projectlombok/lombok/1.18.4/lombok-1.18.4.jar:/home/max/.m2/repository/org/springframework/boot/spring-boot-starter-amqp/2.2.4.RELEASE/spring-boot-starter-amqp-2.2.4.RELEASE.jar:/home/max/.m2/repository/org/springframework/boot/spring-boot-starter/2.2.4.RELEASE/spring-boot-starter-2.2.4.RELEASE.jar:/home/max/.m2/repository/org/springframework/boot/spring-boot/2.2.4.RELEASE/spring-boot-2.2.4.RELEASE.jar:/home/max/.m2/repository/org/springframework/boot/spring-boot-starter-logging/2.2.4.RELEASE/spring-boot-starter-logging-2.2.4.RELEASE.jar:/home/max/.m2/repository/ch/qos/logback/logback-classic/1.2.3/logback-classic-1.2.3.jar:/home/max/.m2/repository/ch/qos/logback/logback-core/1.2.3/logback-core-1.2.3.jar:/home/max/.m2/repository/org/apache/logging/log4j/log4j-to-slf4j/2.12.1/log4j-to-slf4j-2.12.1.jar:/home/max/.m2/repository/org/apache/logging/log4j/log4j-api/2.12.1/log4j-api-2.12.1.jar:/home/max/.m2/repository/org/slf4j/jul-to-slf4j/1.7.30/jul-to-slf4j-1.7.30.jar:/home/max/.m2/repository/jakarta/annotation/jakarta.annotation-api/1.3.5/jakarta.annotation-api-1.3.5.jar:/home/max/.m2/repository/org/yaml/snakeyaml/1.25/snakeyaml-1.25.jar:/home/max/.m2/repository/org/springframework/spring-messaging/5.2.3.RELEASE/spring-messaging-5.2.3.RELEASE.jar:/home/max/.m2/repository/org/springframework/spring-beans/5.2.3.RELEASE/spring-beans-5.2.3.RELEASE.jar:/home/max/.m2/repository/org/springframework/amqp/spring-rabbit/2.2.3.RELEASE/spring-rabbit-2.2.3.RELEASE.jar:/home/max/.m2/repository/com/rabbitmq/amqp-client/5.7.3/amqp-client-5.7.3.jar:/home/max/.m2/repository/org/springframework/amqp/spring-amqp/2.2.3.RELEASE/spring-amqp-2.2.3.RELEASE.jar:/home/max/.m2/repository/org/springframework/spring-context/5.2.3.RELEASE/spring-context-5.2.3.RELEASE.jar:/home/max/.m2/repository/org/springframework/spring-expression/5.2.3.RELEASE/spring-expression-5.2.3.RELEASE.jar:/home/max/.m2/repository/org/springframework/spring-tx/5.2.3.RELEASE/spring-tx-5.2.3.RELEASE.jar:/home/max/.m2/repository/org/springframework/boot/spring-boot-starter-data-rest/2.2.4.RELEASE/spring-boot-starter-data-rest-2.2.4.RELEASE.jar:/home/max/.m2/repository/org/springframework/boot/spring-boot-starter-web/2.2.4.RELEASE/spring-boot-starter-web-2.2.4.RELEASE.jar:/home/max/.m2/repository/org/springframework/boot/spring-boot-starter-json/2.2.4.RELEASE/spring-boot-starter-json-2.2.4.RELEASE.jar:/home/max/.m2/repository/com/fasterxml/jackson/datatype/jackson-datatype-jdk8/2.10.2/jackson-datatype-jdk8-2.10.2.jar:/home/max/.m2/repository/com/fasterxml/jackson/datatype/jackson-datatype-jsr310/2.10.2/jackson-datatype-jsr310-2.10.2.jar:/home/max/.m2/repository/com/fasterxml/jackson/module/jackson-module-parameter-names/2.10.2/jackson-module-parameter-names-2.10.2.jar:/home/max/.m2/repository/org/springframework/boot/spring-boot-starter-tomcat/2.2.4.RELEASE/spring-boot-starter-tomcat-2.2.4.RELEASE.jar:/home/max/.m2/repository/org/apache/tomcat/embed/tomcat-embed-core/9.0.30/tomcat-embed-core-9.0.30.jar:/home/max/.m2/repository/org/apache/tomcat/embed/tomcat-embed-websocket/9.0.30/tomcat-embed-websocket-9.0.30.jar:/home/max/.m2/repository/org/springframework/spring-web/5.2.3.RELEASE/spring-web-5.2.3.RELEASE.jar:/home/max/.m2/repository/org/springframework/spring-webmvc/5.2.3.RELEASE/spring-webmvc-5.2.3.RELEASE.jar:/home/max/.m2/repository/org/springframework/data/spring-data-rest-webmvc/3.2.4.RELEASE/spring-data-rest-webmvc-3.2.4.RELEASE.jar:/home/max/.m2/repository/org/springframework/data/spring-data-rest-core/3.2.4.RELEASE/spring-data-rest-core-3.2.4.RELEASE.jar:/home/max/.m2/repository/org/springframework/hateoas/spring-hateoas/1.0.3.RELEASE/spring-hateoas-1.0.3.RELEASE.jar:/home/max/.m2/repository/org/springframework/data/spring-data-commons/2.2.4.RELEASE/spring-data-commons-2.2.4.RELEASE.jar:/home/max/.m2/repository/org/springframework/plugin/spring-plugin-core/2.0.0.RELEASE/spring-plugin-core-2.0.0.RELEASE.jar:/home/max/.m2/repository/org/atteo/evo-inflector/1.2.2/evo-inflector-1.2.2.jar:/home/max/.m2/repository/com/fasterxml/jackson/core/jackson-annotations/2.10.2/jackson-annotations-2.10.2.jar:/home/max/.m2/repository/org/slf4j/slf4j-api/1.7.30/slf4j-api-1.7.30.jar:/home/max/.m2/repository/org/springframework/cloud/spring-cloud-stream/3.0.1.RELEASE/spring-cloud-stream-3.0.1.RELEASE.jar:/home/max/.m2/repository/org/springframework/boot/spring-boot-starter-validation/2.2.4.RELEASE/spring-boot-starter-validation-2.2.4.RELEASE.jar:/home/max/.m2/repository/jakarta/validation/jakarta.validation-api/2.0.2/jakarta.validation-api-2.0.2.jar:/home/max/.m2/repository/org/apache/tomcat/embed/tomcat-embed-el/9.0.30/tomcat-embed-el-9.0.30.jar:/home/max/.m2/repository/org/hibernate/validator/hibernate-validator/6.0.18.Final/hibernate-validator-6.0.18.Final.jar:/home/max/.m2/repository/org/jboss/logging/jboss-logging/3.4.1.Final/jboss-logging-3.4.1.Final.jar:/home/max/.m2/repository/com/fasterxml/classmate/1.5.1/classmate-1.5.1.jar:/home/max/.m2/repository/org/springframework/integration/spring-integration-core/5.2.3.RELEASE/spring-integration-core-5.2.3.RELEASE.jar:/home/max/.m2/repository/io/projectreactor/reactor-core/3.3.2.RELEASE/reactor-core-3.3.2.RELEASE.jar:/home/max/.m2/repository/org/reactivestreams/reactive-streams/1.0.3/reactive-streams-1.0.3.jar:/home/max/.m2/repository/org/springframework/spring-aop/5.2.3.RELEASE/spring-aop-5.2.3.RELEASE.jar:/home/max/.m2/repository/org/springframework/integration/spring-integration-jmx/5.2.3.RELEASE/spring-integration-jmx-5.2.3.RELEASE.jar:/home/max/.m2/repository/org/springframework/retry/spring-retry/1.2.5.RELEASE/spring-retry-1.2.5.RELEASE.jar:/home/max/.m2/repository/org/springframework/cloud/spring-cloud-function-context/3.0.1.RELEASE/spring-cloud-function-context-3.0.1.RELEASE.jar:/home/max/.m2/repository/org/springframework/cloud/spring-cloud-function-core/3.0.1.RELEASE/spring-cloud-function-core-3.0.1.RELEASE.jar:/home/max/.m2/repository/javax/annotation/javax.annotation-api/1.3.2/javax.annotation-api-1.3.2.jar:/home/max/.m2/repository/org/springframework/cloud/spring-cloud-stream-binder-rabbit/3.0.1.RELEASE/spring-cloud-stream-binder-rabbit-3.0.1.RELEASE.jar:/home/max/.m2/repository/org/springframework/cloud/spring-cloud-stream-binder-rabbit-core/3.0.1.RELEASE/spring-cloud-stream-binder-rabbit-core-3.0.1.RELEASE.jar:/home/max/.m2/repository/org/springframework/integration/spring-integration-amqp/5.2.3.RELEASE/spring-integration-amqp-5.2.3.RELEASE.jar:/home/max/.m2/repository/com/rabbitmq/http-client/2.1.0.RELEASE/http-client-2.1.0.RELEASE.jar:/home/max/.m2/repository/org/apache/httpcomponents/httpclient/4.5.10/httpclient-4.5.10.jar:/home/max/.m2/repository/org/apache/httpcomponents/httpcore/4.4.13/httpcore-4.4.13.jar:/home/max/.m2/repository/commons-codec/commons-codec/1.13/commons-codec-1.13.jar:/home/max/.m2/repository/org/springframework/boot/spring-boot-starter-test/2.2.4.RELEASE/spring-boot-starter-test-2.2.4.RELEASE.jar:/home/max/.m2/repository/org/springframework/boot/spring-boot-test/2.2.4.RELEASE/spring-boot-test-2.2.4.RELEASE.jar:/home/max/.m2/repository/org/springframework/boot/spring-boot-test-autoconfigure/2.2.4.RELEASE/spring-boot-test-autoconfigure-2.2.4.RELEASE.jar:/home/max/.m2/repository/com/jayway/jsonpath/json-path/2.4.0/json-path-2.4.0.jar:/home/max/.m2/repository/net/minidev/json-smart/2.3/json-smart-2.3.jar:/home/max/.m2/repository/net/minidev/accessors-smart/1.2/accessors-smart-1.2.jar:/home/max/.m2/repository/jakarta/xml/bind/jakarta.xml.bind-api/2.3.2/jakarta.xml.bind-api-2.3.2.jar:/home/max/.m2/repository/jakarta/activation/jakarta.activation-api/1.2.1/jakarta.activation-api-1.2.1.jar:/home/max/.m2/repository/org/junit/jupiter/junit-jupiter/5.5.2/junit-jupiter-5.5.2.jar:/home/max/.m2/repository/org/junit/jupiter/junit-jupiter-api/5.5.2/junit-jupiter-api-5.5.2.jar:/home/max/.m2/repository/org/apiguardian/apiguardian-api/1.1.0/apiguardian-api-1.1.0.jar:/home/max/.m2/repository/org/opentest4j/opentest4j/1.2.0/opentest4j-1.2.0.jar:/home/max/.m2/repository/org/junit/platform/junit-platform-commons/1.5.2/junit-platform-commons-1.5.2.jar:/home/max/.m2/repository/org/junit/jupiter/junit-jupiter-params/5.5.2/junit-jupiter-params-5.5.2.jar:/home/max/.m2/repository/org/junit/jupiter/junit-jupiter-engine/5.5.2/junit-jupiter-engine-5.5.2.jar:/home/max/.m2/repository/org/junit/platform/junit-platform-engine/1.5.2/junit-platform-engine-1.5.2.jar:/home/max/.m2/repository/org/mockito/mockito-junit-jupiter/3.1.0/mockito-junit-jupiter-3.1.0.jar:/home/max/.m2/repository/org/assertj/assertj-core/3.13.2/assertj-core-3.13.2.jar:/home/max/.m2/repository/org/hamcrest/hamcrest/2.1/hamcrest-2.1.jar:/home/max/.m2/repository/org/mockito/mockito-core/3.1.0/mockito-core-3.1.0.jar:/home/max/.m2/repository/net/bytebuddy/byte-buddy/1.10.6/byte-buddy-1.10.6.jar:/home/max/.m2/repository/net/bytebuddy/byte-buddy-agent/1.10.6/byte-buddy-agent-1.10.6.jar:/home/max/.m2/repository/org/objenesis/objenesis/2.6/objenesis-2.6.jar:/home/max/.m2/repository/org/skyscreamer/jsonassert/1.5.0/jsonassert-1.5.0.jar:/home/max/.m2/repository/com/vaadin/external/google/android-json/0.0.20131108.vaadin1/android-json-0.0.20131108.vaadin1.jar:/home/max/.m2/repository/org/springframework/spring-core/5.2.3.RELEASE/spring-core-5.2.3.RELEASE.jar:/home/max/.m2/repository/org/springframework/spring-jcl/5.2.3.RELEASE/spring-jcl-5.2.3.RELEASE.jar:/home/max/.m2/repository/org/springframework/spring-test/5.2.3.RELEASE/spring-test-5.2.3.RELEASE.jar:/home/max/.m2/repository/org/xmlunit/xmlunit-core/2.6.3/xmlunit-core-2.6.3.jar:/home/max/.m2/repository/org/springframework/amqp/spring-rabbit-test/2.2.3.RELEASE/spring-rabbit-test-2.2.3.RELEASE.jar:/home/max/.m2/repository/org/hamcrest/hamcrest-core/2.1/hamcrest-core-2.1.jar:/home/max/.m2/repository/org/hamcrest/hamcrest-library/2.1/hamcrest-library-2.1.jar:/home/max/.m2/repository/org/springframework/amqp/spring-rabbit-junit/2.2.3.RELEASE/spring-rabbit-junit-2.2.3.RELEASE.jar:/home/max/.m2/repository/org/springframework/cloud/spring-cloud-stream-test-support/3.0.1.RELEASE/spring-cloud-stream-test-support-3.0.1.RELEASE.jar:/home/max/.m2/repository/org/springframework/boot/spring-boot-autoconfigure/2.2.4.RELEASE/spring-boot-autoconfigure-2.2.4.RELEASE.jar:/home/max/.m2/repository/com/fasterxml/jackson/core/jackson-databind/2.10.2/jackson-databind-2.10.2.jar:/home/max/.m2/repository/com/fasterxml/jackson/core/jackson-core/2.10.2/jackson-core-2.10.2.jar:/home/max/.m2/repository/org/springframework/cloud/spring-cloud-starter-contract-stub-runner/2.2.1.RELEASE/spring-cloud-starter-contract-stub-runner-2.2.1.RELEASE.jar:/home/max/.m2/repository/org/springframework/cloud/spring-cloud-contract-stub-runner/2.2.1.RELEASE/spring-cloud-contract-stub-runner-2.2.1.RELEASE.jar:/home/max/.m2/repository/org/springframework/cloud/spring-cloud-contract-shade/2.2.1.RELEASE/spring-cloud-contract-shade-2.2.1.RELEASE.jar:/home/max/.m2/repository/org/springframework/cloud/spring-cloud-contract-converters/2.2.1.RELEASE/spring-cloud-contract-converters-2.2.1.RELEASE.jar:/home/max/.m2/repository/org/springframework/cloud/spring-cloud-contract-spec/2.2.1.RELEASE/spring-cloud-contract-spec-2.2.1.RELEASE.jar:/home/max/.m2/repository/org/springframework/cloud/spring-cloud-contract-spec-java/2.2.1.RELEASE/spring-cloud-contract-spec-java-2.2.1.RELEASE.jar:/home/max/.m2/repository/dk/brics/automaton/automaton/1.11-8/automaton-1.11-8.jar:/home/max/.m2/repository/org/apache/commons/commons-text/1.7/commons-text-1.7.jar:/home/max/.m2/repository/org/springframework/cloud/spring-cloud-contract-spec-groovy/2.2.1.RELEASE/spring-cloud-contract-spec-groovy-2.2.1.RELEASE.jar:/home/max/.m2/repository/org/eclipse/jgit/org.eclipse.jgit/5.1.3.201810200350-r/org.eclipse.jgit-5.1.3.201810200350-r.jar:/home/max/.m2/repository/com/jcraft/jsch/0.1.54/jsch-0.1.54.jar:/home/max/.m2/repository/com/jcraft/jzlib/1.1.1/jzlib-1.1.1.jar:/home/max/.m2/repository/com/googlecode/javaewah/JavaEWAH/1.1.6/JavaEWAH-1.1.6.jar:/home/max/.m2/repository/com/jcraft/jsch.agentproxy.sshagent/0.0.9/jsch.agentproxy.sshagent-0.0.9.jar:/home/max/.m2/repository/com/jcraft/jsch.agentproxy.core/0.0.9/jsch.agentproxy.core-0.0.9.jar:/home/max/.m2/repository/com/jcraft/jsch.agentproxy.jsch/0.0.9/jsch.agentproxy.jsch-0.0.9.jar:/home/max/.m2/repository/com/jcraft/jsch.agentproxy.usocket-jna/0.0.9/jsch.agentproxy.usocket-jna-0.0.9.jar:/home/max/.m2/repository/net/java/dev/jna/jna/4.5.2/jna-4.5.2.jar:/home/max/.m2/repository/net/java/dev/jna/jna-platform/4.5.2/jna-platform-4.5.2.jar:/home/max/.m2/repository/org/springframework/cloud/spring-cloud-contract-wiremock/2.2.1.RELEASE/spring-cloud-contract-wiremock-2.2.1.RELEASE.jar:/home/max/.m2/repository/com/github/tomakehurst/wiremock-jre8-standalone/2.25.1/wiremock-jre8-standalone-2.25.1.jar:/home/max/.m2/repository/org/apache/maven/resolver/maven-resolver-api/1.3.3/maven-resolver-api-1.3.3.jar:/home/max/.m2/repository/org/springframework/cloud/spring-cloud-starter-contract-verifier/2.2.1.RELEASE/spring-cloud-starter-contract-verifier-2.2.1.RELEASE.jar:/home/max/.m2/repository/org/springframework/cloud/spring-cloud-contract-verifier/2.2.1.RELEASE/spring-cloud-contract-verifier-2.2.1.RELEASE.jar:/home/max/.m2/repository/javax/inject/javax.inject/1/javax.inject-1.jar:/home/max/.m2/repository/com/rackspace/eclipse/webtools/sourceediting/org.eclipse.wst.xml.xpath2.processor/2.1.100/org.eclipse.wst.xml.xpath2.processor-2.1.100.jar:/home/max/.m2/repository/edu/princeton/cup/java-cup/10k/java-cup-10k.jar:/home/max/.m2/repository/com/ibm/icu/icu4j/4.6/icu4j-4.6.jar:/home/max/.m2/repository/org/codehaus/groovy/groovy/2.5.9/groovy-2.5.9.jar:/home/max/.m2/repository/org/codehaus/groovy/groovy-nio/2.5.9/groovy-nio-2.5.9.jar:/home/max/.m2/repository/org/codehaus/groovy/groovy-json/2.5.9/groovy-json-2.5.9.jar:/home/max/.m2/repository/org/codehaus/groovy/groovy-xml/2.5.9/groovy-xml-2.5.9.jar:/home/max/.m2/repository/com/github/jknack/handlebars/4.1.2/handlebars-4.1.2.jar:/home/max/.m2/repository/commons-beanutils/commons-beanutils/1.9.4/commons-beanutils-1.9.4.jar:/home/max/.m2/repository/commons-logging/commons-logging/1.2/commons-logging-1.2.jar:/home/max/.m2/repository/commons-collections/commons-collections/3.2.2/commons-collections-3.2.2.jar:/home/max/.m2/repository/com/fasterxml/jackson/dataformat/jackson-dataformat-yaml/2.10.2/jackson-dataformat-yaml-2.10.2.jar:/home/max/.m2/repository/org/springframework/cloud/spring-cloud-function-compiler/3.0.1.RELEASE/spring-cloud-function-compiler-3.0.1.RELEASE.jar:/home/max/.m2/repository/org/eclipse/jdt/core/compiler/ecj/4.4.2/ecj-4.4.2.jar:/home/max/.m2/repository/io/rest-assured/rest-assured/3.3.0/rest-assured-3.3.0.jar:/home/max/.m2/repository/org/apache/httpcomponents/httpmime/4.5.10/httpmime-4.5.10.jar:/home/max/.m2/repository/org/ccil/cowan/tagsoup/tagsoup/1.2.1/tagsoup-1.2.1.jar:/home/max/.m2/repository/io/rest-assured/json-path/3.3.0/json-path-3.3.0.jar:/home/max/.m2/repository/io/rest-assured/rest-assured-common/3.3.0/rest-assured-common-3.3.0.jar:/home/max/.m2/repository/io/rest-assured/xml-path/3.3.0/xml-path-3.3.0.jar:/home/max/.m2/repository/org/apache/commons/commons-lang3/3.9/commons-lang3-3.9.jar:/home/max/.m2/repository/javax/xml/bind/jaxb-api/2.3.1/jaxb-api-2.3.1.jar:/home/max/.m2/repository/javax/activation/javax.activation-api/1.2.0/javax.activation-api-1.2.0.jar:/home/max/.m2/repository/com/sun/xml/bind/jaxb-osgi/2.2.10/jaxb-osgi-2.2.10.jar:/home/max/.m2/repository/org/apache/sling/org.apache.sling.javax.activation/0.1.0/org.apache.sling.javax.activation-0.1.0.jar:/home/max/.m2/repository/javax/activation/activation/1.1.1/activation-1.1.1.jar:/home/max/.m2/repository/io/rest-assured/spring-mock-mvc/3.3.0/spring-mock-mvc-3.3.0.jar:/home/max/.m2/repository/io/rest-assured/spring-commons/3.3.0/spring-commons-3.3.0.jar:/home/max/.m2/repository/com/toomuchcoding/jsonassert/jsonassert/0.4.13/jsonassert-0.4.13.jar:/home/max/.m2/repository/cglib/cglib/3.2.9/cglib-3.2.9.jar:/home/max/.m2/repository/org/ow2/asm/asm/7.0/asm-7.0.jar:/home/max/.m2/repository/org/apache/ant/ant/1.10.3/ant-1.10.3.jar:/home/max/.m2/repository/org/apache/ant/ant-launcher/1.10.3/ant-launcher-1.10.3.jar:"/>
    <property name="java.vm.vendor" value="Oracle Corporation"/>
    <property name="sun.arch.data.model" value="64"/>
    <property name="java.vendor.url" value="http://java.oracle.com/"/>
    <property name="user.timezone" value=""/>
    <property name="java.vm.specification.version" value="11"/>
    <property name="os.name" value="Linux"/>
    <property name="sun.java.launcher" value="SUN_STANDARD"/>
    <property name="user.country" value="FR"/>
    <property name="sun.boot.library.path" value="/usr/lib/jvm/java-11-openjdk/lib"/>
    <property name="sun.java.command" value="/home/max/workspace/conferences/devoxx2020-contract-testing/checkout/target/surefire/surefirebooter13803103032488399808.jar /home/max/workspace/conferences/devoxx2020-contract-testing/checkout/target/surefire 2020-03-09T15-50-13_296-jvmRun1 surefire16205820158884250284tmp surefire_09106757467816987206tmp"/>
    <property name="jdk.debug" value="release"/>
    <property name="surefire.test.class.path" value="/home/max/workspace/conferences/devoxx2020-contract-testing/checkout/target/test-classes:/home/max/workspace/conferences/devoxx2020-contract-testing/checkout/target/classes:/home/max/.m2/repository/org/projectlombok/lombok/1.18.4/lombok-1.18.4.jar:/home/max/.m2/repository/org/springframework/boot/spring-boot-starter-amqp/2.2.4.RELEASE/spring-boot-starter-amqp-2.2.4.RELEASE.jar:/home/max/.m2/repository/org/springframework/boot/spring-boot-starter/2.2.4.RELEASE/spring-boot-starter-2.2.4.RELEASE.jar:/home/max/.m2/repository/org/springframework/boot/spring-boot/2.2.4.RELEASE/spring-boot-2.2.4.RELEASE.jar:/home/max/.m2/repository/org/springframework/boot/spring-boot-starter-logging/2.2.4.RELEASE/spring-boot-starter-logging-2.2.4.RELEASE.jar:/home/max/.m2/repository/ch/qos/logback/logback-classic/1.2.3/logback-classic-1.2.3.jar:/home/max/.m2/repository/ch/qos/logback/logback-core/1.2.3/logback-core-1.2.3.jar:/home/max/.m2/repository/org/apache/logging/log4j/log4j-to-slf4j/2.12.1/log4j-to-slf4j-2.12.1.jar:/home/max/.m2/repository/org/apache/logging/log4j/log4j-api/2.12.1/log4j-api-2.12.1.jar:/home/max/.m2/repository/org/slf4j/jul-to-slf4j/1.7.30/jul-to-slf4j-1.7.30.jar:/home/max/.m2/repository/jakarta/annotation/jakarta.annotation-api/1.3.5/jakarta.annotation-api-1.3.5.jar:/home/max/.m2/repository/org/yaml/snakeyaml/1.25/snakeyaml-1.25.jar:/home/max/.m2/repository/org/springframework/spring-messaging/5.2.3.RELEASE/spring-messaging-5.2.3.RELEASE.jar:/home/max/.m2/repository/org/springframework/spring-beans/5.2.3.RELEASE/spring-beans-5.2.3.RELEASE.jar:/home/max/.m2/repository/org/springframework/amqp/spring-rabbit/2.2.3.RELEASE/spring-rabbit-2.2.3.RELEASE.jar:/home/max/.m2/repository/com/rabbitmq/amqp-client/5.7.3/amqp-client-5.7.3.jar:/home/max/.m2/repository/org/springframework/amqp/spring-amqp/2.2.3.RELEASE/spring-amqp-2.2.3.RELEASE.jar:/home/max/.m2/repository/org/springframework/spring-context/5.2.3.RELEASE/spring-context-5.2.3.RELEASE.jar:/home/max/.m2/repository/org/springframework/spring-expression/5.2.3.RELEASE/spring-expression-5.2.3.RELEASE.jar:/home/max/.m2/repository/org/springframework/spring-tx/5.2.3.RELEASE/spring-tx-5.2.3.RELEASE.jar:/home/max/.m2/repository/org/springframework/boot/spring-boot-starter-data-rest/2.2.4.RELEASE/spring-boot-starter-data-rest-2.2.4.RELEASE.jar:/home/max/.m2/repository/org/springframework/boot/spring-boot-starter-web/2.2.4.RELEASE/spring-boot-starter-web-2.2.4.RELEASE.jar:/home/max/.m2/repository/org/springframework/boot/spring-boot-starter-json/2.2.4.RELEASE/spring-boot-starter-json-2.2.4.RELEASE.jar:/home/max/.m2/repository/com/fasterxml/jackson/datatype/jackson-datatype-jdk8/2.10.2/jackson-datatype-jdk8-2.10.2.jar:/home/max/.m2/repository/com/fasterxml/jackson/datatype/jackson-datatype-jsr310/2.10.2/jackson-datatype-jsr310-2.10.2.jar:/home/max/.m2/repository/com/fasterxml/jackson/module/jackson-module-parameter-names/2.10.2/jackson-module-parameter-names-2.10.2.jar:/home/max/.m2/repository/org/springframework/boot/spring-boot-starter-tomcat/2.2.4.RELEASE/spring-boot-starter-tomcat-2.2.4.RELEASE.jar:/home/max/.m2/repository/org/apache/tomcat/embed/tomcat-embed-core/9.0.30/tomcat-embed-core-9.0.30.jar:/home/max/.m2/repository/org/apache/tomcat/embed/tomcat-embed-websocket/9.0.30/tomcat-embed-websocket-9.0.30.jar:/home/max/.m2/repository/org/springframework/spring-web/5.2.3.RELEASE/spring-web-5.2.3.RELEASE.jar:/home/max/.m2/repository/org/springframework/spring-webmvc/5.2.3.RELEASE/spring-webmvc-5.2.3.RELEASE.jar:/home/max/.m2/repository/org/springframework/data/spring-data-rest-webmvc/3.2.4.RELEASE/spring-data-rest-webmvc-3.2.4.RELEASE.jar:/home/max/.m2/repository/org/springframework/data/spring-data-rest-core/3.2.4.RELEASE/spring-data-rest-core-3.2.4.RELEASE.jar:/home/max/.m2/repository/org/springframework/hateoas/spring-hateoas/1.0.3.RELEASE/spring-hateoas-1.0.3.RELEASE.jar:/home/max/.m2/repository/org/springframework/data/spring-data-commons/2.2.4.RELEASE/spring-data-commons-2.2.4.RELEASE.jar:/home/max/.m2/repository/org/springframework/plugin/spring-plugin-core/2.0.0.RELEASE/spring-plugin-core-2.0.0.RELEASE.jar:/home/max/.m2/repository/org/atteo/evo-inflector/1.2.2/evo-inflector-1.2.2.jar:/home/max/.m2/repository/com/fasterxml/jackson/core/jackson-annotations/2.10.2/jackson-annotations-2.10.2.jar:/home/max/.m2/repository/org/slf4j/slf4j-api/1.7.30/slf4j-api-1.7.30.jar:/home/max/.m2/repository/org/springframework/cloud/spring-cloud-stream/3.0.1.RELEASE/spring-cloud-stream-3.0.1.RELEASE.jar:/home/max/.m2/repository/org/springframework/boot/spring-boot-starter-validation/2.2.4.RELEASE/spring-boot-starter-validation-2.2.4.RELEASE.jar:/home/max/.m2/repository/jakarta/validation/jakarta.validation-api/2.0.2/jakarta.validation-api-2.0.2.jar:/home/max/.m2/repository/org/apache/tomcat/embed/tomcat-embed-el/9.0.30/tomcat-embed-el-9.0.30.jar:/home/max/.m2/repository/org/hibernate/validator/hibernate-validator/6.0.18.Final/hibernate-validator-6.0.18.Final.jar:/home/max/.m2/repository/org/jboss/logging/jboss-logging/3.4.1.Final/jboss-logging-3.4.1.Final.jar:/home/max/.m2/repository/com/fasterxml/classmate/1.5.1/classmate-1.5.1.jar:/home/max/.m2/repository/org/springframework/integration/spring-integration-core/5.2.3.RELEASE/spring-integration-core-5.2.3.RELEASE.jar:/home/max/.m2/repository/io/projectreactor/reactor-core/3.3.2.RELEASE/reactor-core-3.3.2.RELEASE.jar:/home/max/.m2/repository/org/reactivestreams/reactive-streams/1.0.3/reactive-streams-1.0.3.jar:/home/max/.m2/repository/org/springframework/spring-aop/5.2.3.RELEASE/spring-aop-5.2.3.RELEASE.jar:/home/max/.m2/repository/org/springframework/integration/spring-integration-jmx/5.2.3.RELEASE/spring-integration-jmx-5.2.3.RELEASE.jar:/home/max/.m2/repository/org/springframework/retry/spring-retry/1.2.5.RELEASE/spring-retry-1.2.5.RELEASE.jar:/home/max/.m2/repository/org/springframework/cloud/spring-cloud-function-context/3.0.1.RELEASE/spring-cloud-function-context-3.0.1.RELEASE.jar:/home/max/.m2/repository/org/springframework/cloud/spring-cloud-function-core/3.0.1.RELEASE/spring-cloud-function-core-3.0.1.RELEASE.jar:/home/max/.m2/repository/javax/annotation/javax.annotation-api/1.3.2/javax.annotation-api-1.3.2.jar:/home/max/.m2/repository/org/springframework/cloud/spring-cloud-stream-binder-rabbit/3.0.1.RELEASE/spring-cloud-stream-binder-rabbit-3.0.1.RELEASE.jar:/home/max/.m2/repository/org/springframework/cloud/spring-cloud-stream-binder-rabbit-core/3.0.1.RELEASE/spring-cloud-stream-binder-rabbit-core-3.0.1.RELEASE.jar:/home/max/.m2/repository/org/springframework/integration/spring-integration-amqp/5.2.3.RELEASE/spring-integration-amqp-5.2.3.RELEASE.jar:/home/max/.m2/repository/com/rabbitmq/http-client/2.1.0.RELEASE/http-client-2.1.0.RELEASE.jar:/home/max/.m2/repository/org/apache/httpcomponents/httpclient/4.5.10/httpclient-4.5.10.jar:/home/max/.m2/repository/org/apache/httpcomponents/httpcore/4.4.13/httpcore-4.4.13.jar:/home/max/.m2/repository/commons-codec/commons-codec/1.13/commons-codec-1.13.jar:/home/max/.m2/repository/org/springframework/boot/spring-boot-starter-test/2.2.4.RELEASE/spring-boot-starter-test-2.2.4.RELEASE.jar:/home/max/.m2/repository/org/springframework/boot/spring-boot-test/2.2.4.RELEASE/spring-boot-test-2.2.4.RELEASE.jar:/home/max/.m2/repository/org/springframework/boot/spring-boot-test-autoconfigure/2.2.4.RELEASE/spring-boot-test-autoconfigure-2.2.4.RELEASE.jar:/home/max/.m2/repository/com/jayway/jsonpath/json-path/2.4.0/json-path-2.4.0.jar:/home/max/.m2/repository/net/minidev/json-smart/2.3/json-smart-2.3.jar:/home/max/.m2/repository/net/minidev/accessors-smart/1.2/accessors-smart-1.2.jar:/home/max/.m2/repository/jakarta/xml/bind/jakarta.xml.bind-api/2.3.2/jakarta.xml.bind-api-2.3.2.jar:/home/max/.m2/repository/jakarta/activation/jakarta.activation-api/1.2.1/jakarta.activation-api-1.2.1.jar:/home/max/.m2/repository/org/junit/jupiter/junit-jupiter/5.5.2/junit-jupiter-5.5.2.jar:/home/max/.m2/repository/org/junit/jupiter/junit-jupiter-api/5.5.2/junit-jupiter-api-5.5.2.jar:/home/max/.m2/repository/org/apiguardian/apiguardian-api/1.1.0/apiguardian-api-1.1.0.jar:/home/max/.m2/repository/org/opentest4j/opentest4j/1.2.0/opentest4j-1.2.0.jar:/home/max/.m2/repository/org/junit/platform/junit-platform-commons/1.5.2/junit-platform-commons-1.5.2.jar:/home/max/.m2/repository/org/junit/jupiter/junit-jupiter-params/5.5.2/junit-jupiter-params-5.5.2.jar:/home/max/.m2/repository/org/junit/jupiter/junit-jupiter-engine/5.5.2/junit-jupiter-engine-5.5.2.jar:/home/max/.m2/repository/org/junit/platform/junit-platform-engine/1.5.2/junit-platform-engine-1.5.2.jar:/home/max/.m2/repository/org/mockito/mockito-junit-jupiter/3.1.0/mockito-junit-jupiter-3.1.0.jar:/home/max/.m2/repository/org/assertj/assertj-core/3.13.2/assertj-core-3.13.2.jar:/home/max/.m2/repository/org/hamcrest/hamcrest/2.1/hamcrest-2.1.jar:/home/max/.m2/repository/org/mockito/mockito-core/3.1.0/mockito-core-3.1.0.jar:/home/max/.m2/repository/net/bytebuddy/byte-buddy/1.10.6/byte-buddy-1.10.6.jar:/home/max/.m2/repository/net/bytebuddy/byte-buddy-agent/1.10.6/byte-buddy-agent-1.10.6.jar:/home/max/.m2/repository/org/objenesis/objenesis/2.6/objenesis-2.6.jar:/home/max/.m2/repository/org/skyscreamer/jsonassert/1.5.0/jsonassert-1.5.0.jar:/home/max/.m2/repository/com/vaadin/external/google/android-json/0.0.20131108.vaadin1/android-json-0.0.20131108.vaadin1.jar:/home/max/.m2/repository/org/springframework/spring-core/5.2.3.RELEASE/spring-core-5.2.3.RELEASE.jar:/home/max/.m2/repository/org/springframework/spring-jcl/5.2.3.RELEASE/spring-jcl-5.2.3.RELEASE.jar:/home/max/.m2/repository/org/springframework/spring-test/5.2.3.RELEASE/spring-test-5.2.3.RELEASE.jar:/home/max/.m2/repository/org/xmlunit/xmlunit-core/2.6.3/xmlunit-core-2.6.3.jar:/home/max/.m2/repository/org/springframework/amqp/spring-rabbit-test/2.2.3.RELEASE/spring-rabbit-test-2.2.3.RELEASE.jar:/home/max/.m2/repository/org/hamcrest/hamcrest-core/2.1/hamcrest-core-2.1.jar:/home/max/.m2/repository/org/hamcrest/hamcrest-library/2.1/hamcrest-library-2.1.jar:/home/max/.m2/repository/org/springframework/amqp/spring-rabbit-junit/2.2.3.RELEASE/spring-rabbit-junit-2.2.3.RELEASE.jar:/home/max/.m2/repository/org/springframework/cloud/spring-cloud-stream-test-support/3.0.1.RELEASE/spring-cloud-stream-test-support-3.0.1.RELEASE.jar:/home/max/.m2/repository/org/springframework/boot/spring-boot-autoconfigure/2.2.4.RELEASE/spring-boot-autoconfigure-2.2.4.RELEASE.jar:/home/max/.m2/repository/com/fasterxml/jackson/core/jackson-databind/2.10.2/jackson-databind-2.10.2.jar:/home/max/.m2/repository/com/fasterxml/jackson/core/jackson-core/2.10.2/jackson-core-2.10.2.jar:/home/max/.m2/repository/org/springframework/cloud/spring-cloud-starter-contract-stub-runner/2.2.1.RELEASE/spring-cloud-starter-contract-stub-runner-2.2.1.RELEASE.jar:/home/max/.m2/repository/org/springframework/cloud/spring-cloud-contract-stub-runner/2.2.1.RELEASE/spring-cloud-contract-stub-runner-2.2.1.RELEASE.jar:/home/max/.m2/repository/org/springframework/cloud/spring-cloud-contract-shade/2.2.1.RELEASE/spring-cloud-contract-shade-2.2.1.RELEASE.jar:/home/max/.m2/repository/org/springframework/cloud/spring-cloud-contract-converters/2.2.1.RELEASE/spring-cloud-contract-converters-2.2.1.RELEASE.jar:/home/max/.m2/repository/org/springframework/cloud/spring-cloud-contract-spec/2.2.1.RELEASE/spring-cloud-contract-spec-2.2.1.RELEASE.jar:/home/max/.m2/repository/org/springframework/cloud/spring-cloud-contract-spec-java/2.2.1.RELEASE/spring-cloud-contract-spec-java-2.2.1.RELEASE.jar:/home/max/.m2/repository/dk/brics/automaton/automaton/1.11-8/automaton-1.11-8.jar:/home/max/.m2/repository/org/apache/commons/commons-text/1.7/commons-text-1.7.jar:/home/max/.m2/repository/org/springframework/cloud/spring-cloud-contract-spec-groovy/2.2.1.RELEASE/spring-cloud-contract-spec-groovy-2.2.1.RELEASE.jar:/home/max/.m2/repository/org/eclipse/jgit/org.eclipse.jgit/5.1.3.201810200350-r/org.eclipse.jgit-5.1.3.201810200350-r.jar:/home/max/.m2/repository/com/jcraft/jsch/0.1.54/jsch-0.1.54.jar:/home/max/.m2/repository/com/jcraft/jzlib/1.1.1/jzlib-1.1.1.jar:/home/max/.m2/repository/com/googlecode/javaewah/JavaEWAH/1.1.6/JavaEWAH-1.1.6.jar:/home/max/.m2/repository/com/jcraft/jsch.agentproxy.sshagent/0.0.9/jsch.agentproxy.sshagent-0.0.9.jar:/home/max/.m2/repository/com/jcraft/jsch.agentproxy.core/0.0.9/jsch.agentproxy.core-0.0.9.jar:/home/max/.m2/repository/com/jcraft/jsch.agentproxy.jsch/0.0.9/jsch.agentproxy.jsch-0.0.9.jar:/home/max/.m2/repository/com/jcraft/jsch.agentproxy.usocket-jna/0.0.9/jsch.agentproxy.usocket-jna-0.0.9.jar:/home/max/.m2/repository/net/java/dev/jna/jna/4.5.2/jna-4.5.2.jar:/home/max/.m2/repository/net/java/dev/jna/jna-platform/4.5.2/jna-platform-4.5.2.jar:/home/max/.m2/repository/org/springframework/cloud/spring-cloud-contract-wiremock/2.2.1.RELEASE/spring-cloud-contract-wiremock-2.2.1.RELEASE.jar:/home/max/.m2/repository/com/github/tomakehurst/wiremock-jre8-standalone/2.25.1/wiremock-jre8-standalone-2.25.1.jar:/home/max/.m2/repository/org/apache/maven/resolver/maven-resolver-api/1.3.3/maven-resolver-api-1.3.3.jar:/home/max/.m2/repository/org/springframework/cloud/spring-cloud-starter-contract-verifier/2.2.1.RELEASE/spring-cloud-starter-contract-verifier-2.2.1.RELEASE.jar:/home/max/.m2/repository/org/springframework/cloud/spring-cloud-contract-verifier/2.2.1.RELEASE/spring-cloud-contract-verifier-2.2.1.RELEASE.jar:/home/max/.m2/repository/javax/inject/javax.inject/1/javax.inject-1.jar:/home/max/.m2/repository/com/rackspace/eclipse/webtools/sourceediting/org.eclipse.wst.xml.xpath2.processor/2.1.100/org.eclipse.wst.xml.xpath2.processor-2.1.100.jar:/home/max/.m2/repository/edu/princeton/cup/java-cup/10k/java-cup-10k.jar:/home/max/.m2/repository/com/ibm/icu/icu4j/4.6/icu4j-4.6.jar:/home/max/.m2/repository/org/codehaus/groovy/groovy/2.5.9/groovy-2.5.9.jar:/home/max/.m2/repository/org/codehaus/groovy/groovy-nio/2.5.9/groovy-nio-2.5.9.jar:/home/max/.m2/repository/org/codehaus/groovy/groovy-json/2.5.9/groovy-json-2.5.9.jar:/home/max/.m2/repository/org/codehaus/groovy/groovy-xml/2.5.9/groovy-xml-2.5.9.jar:/home/max/.m2/repository/com/github/jknack/handlebars/4.1.2/handlebars-4.1.2.jar:/home/max/.m2/repository/commons-beanutils/commons-beanutils/1.9.4/commons-beanutils-1.9.4.jar:/home/max/.m2/repository/commons-logging/commons-logging/1.2/commons-logging-1.2.jar:/home/max/.m2/repository/commons-collections/commons-collections/3.2.2/commons-collections-3.2.2.jar:/home/max/.m2/repository/com/fasterxml/jackson/dataformat/jackson-dataformat-yaml/2.10.2/jackson-dataformat-yaml-2.10.2.jar:/home/max/.m2/repository/org/springframework/cloud/spring-cloud-function-compiler/3.0.1.RELEASE/spring-cloud-function-compiler-3.0.1.RELEASE.jar:/home/max/.m2/repository/org/eclipse/jdt/core/compiler/ecj/4.4.2/ecj-4.4.2.jar:/home/max/.m2/repository/io/rest-assured/rest-assured/3.3.0/rest-assured-3.3.0.jar:/home/max/.m2/repository/org/apache/httpcomponents/httpmime/4.5.10/httpmime-4.5.10.jar:/home/max/.m2/repository/org/ccil/cowan/tagsoup/tagsoup/1.2.1/tagsoup-1.2.1.jar:/home/max/.m2/repository/io/rest-assured/json-path/3.3.0/json-path-3.3.0.jar:/home/max/.m2/repository/io/rest-assured/rest-assured-common/3.3.0/rest-assured-common-3.3.0.jar:/home/max/.m2/repository/io/rest-assured/xml-path/3.3.0/xml-path-3.3.0.jar:/home/max/.m2/repository/org/apache/commons/commons-lang3/3.9/commons-lang3-3.9.jar:/home/max/.m2/repository/javax/xml/bind/jaxb-api/2.3.1/jaxb-api-2.3.1.jar:/home/max/.m2/repository/javax/activation/javax.activation-api/1.2.0/javax.activation-api-1.2.0.jar:/home/max/.m2/repository/com/sun/xml/bind/jaxb-osgi/2.2.10/jaxb-osgi-2.2.10.jar:/home/max/.m2/repository/org/apache/sling/org.apache.sling.javax.activation/0.1.0/org.apache.sling.javax.activation-0.1.0.jar:/home/max/.m2/repository/javax/activation/activation/1.1.1/activation-1.1.1.jar:/home/max/.m2/repository/io/rest-assured/spring-mock-mvc/3.3.0/spring-mock-mvc-3.3.0.jar:/home/max/.m2/repository/io/rest-assured/spring-commons/3.3.0/spring-commons-3.3.0.jar:/home/max/.m2/repository/com/toomuchcoding/jsonassert/jsonassert/0.4.13/jsonassert-0.4.13.jar:/home/max/.m2/repository/cglib/cglib/3.2.9/cglib-3.2.9.jar:/home/max/.m2/repository/org/ow2/asm/asm/7.0/asm-7.0.jar:/home/max/.m2/repository/org/apache/ant/ant/1.10.3/ant-1.10.3.jar:/home/max/.m2/repository/org/apache/ant/ant-launcher/1.10.3/ant-launcher-1.10.3.jar:"/>
    <property name="sun.cpu.endian" value="little"/>
    <property name="user.home" value="/home/max"/>
    <property name="user.language" value="fr"/>
    <property name="java.specification.vendor" value="Oracle Corporation"/>
    <property name="java.version.date" value="2020-01-14"/>
    <property name="java.home" value="/usr/lib/jvm/java-11-openjdk"/>
    <property name="file.separator" value="/"/>
    <property name="basedir" value="/home/max/workspace/conferences/devoxx2020-contract-testing/checkout"/>
    <property name="java.vm.compressedOopsMode" value="Zero based"/>
    <property name="line.separator" value="&#10;"/>
    <property name="java.specification.name" value="Java Platform API Specification"/>
    <property name="java.vm.specification.vendor" value="Oracle Corporation"/>
    <property name="java.awt.graphicsenv" value="sun.awt.X11GraphicsEnvironment"/>
    <property name="surefire.real.class.path" value="/home/max/workspace/conferences/devoxx2020-contract-testing/checkout/target/surefire/surefirebooter13803103032488399808.jar"/>
    <property name="sun.management.compiler" value="HotSpot 64-Bit Tiered Compilers"/>
    <property name="java.runtime.version" value="11.0.6+10"/>
    <property name="user.name" value="max"/>
    <property name="path.separator" value=":"/>
    <property name="os.version" value="5.5.7-arch1-1"/>
    <property name="java.runtime.name" value="OpenJDK Runtime Environment"/>
    <property name="file.encoding" value="UTF-8"/>
    <property name="java.vm.name" value="OpenJDK 64-Bit Server VM"/>
    <property name="localRepository" value="/home/max/.m2/repository"/>
    <property name="java.vendor.url.bug" value="http://bugreport.java.com/bugreport/"/>
    <property name="java.io.tmpdir" value="/tmp"/>
    <property name="java.version" value="11.0.6"/>
    <property name="user.dir" value="/home/max/workspace/conferences/devoxx2020-contract-testing/checkout"/>
    <property name="os.arch" value="amd64"/>
    <property name="java.vm.specification.name" value="Java Virtual Machine Specification"/>
    <property name="java.awt.printerjob" value="sun.print.PSPrinterJob"/>
    <property name="sun.os.patch.level" value="unknown"/>
    <property name="idea.version2019.3.3" value="true"/>
    <property name="java.library.path" value="/usr/java/packages/lib:/usr/lib64:/lib64:/lib:/usr/lib"/>
    <property name="java.vendor" value="Oracle Corporation"/>
    <property name="java.vm.info" value="mixed mode"/>
    <property name="java.vm.version" value="11.0.6+10"/>
    <property name="sun.io.unicode.encoding" value="UnicodeLittle"/>
    <property name="java.class.version" value="55.0"/>
  </properties>
  <testcase name="validate_shouldCheckoutOrder" classname="com.devoxx.checkout.ContractVerifierTest" time="0.243">
    <error message="Parsed JSON [{&quot;bookId&quot;:&quot;d4d37e73-77a0-4616-8bd2-5ed983d45d14&quot;,&quot;number&quot;:10,&quot;clientId&quot;:&quot;yannick.grenzinger&quot;,&quot;createdAt&quot;:[2020,3,9,15,50,25]}] doesn&apos;t match the JSON path [$[?(@.[&apos;createdAt&apos;] =~ /([0-9]{4})-(1[0-2]|0[1-9])-(3[01]|0[1-9]|[12][0-9])T(2[0-3]|[01][0-9]):([0-5][0-9]):([0-5][0-9])/)]]" type="java.lang.IllegalStateException">java.lang.IllegalStateException: Parsed JSON [{"bookId":"d4d37e73-77a0-4616-8bd2-5ed983d45d14","number":10,"clientId":"yannick.grenzinger","createdAt":[2020,3,9,15,50,25]}] doesn't match the JSON path [$[?(@.['createdAt'] =~ /([0-9]{4})-(1[0-2]|0[1-9])-(3[01]|0[1-9]|[12][0-9])T(2[0-3]|[01][0-9]):([0-5][0-9]):([0-5][0-9])/)]]
	at com.devoxx.checkout.ContractVerifierTest.validate_shouldCheckoutOrder(ContractVerifierTest.java:39)
</error>
    <system-out><![CDATA[2020-03-09 15:50:23.676  INFO 53168 --- [           main] .b.t.c.SpringBootTestContextBootstrapper : Neither @ContextConfiguration nor @ContextHierarchy found for test class [com.devoxx.checkout.ContractVerifierTest], using SpringBootContextLoader
2020-03-09 15:50:23.678  INFO 53168 --- [           main] o.s.t.c.support.AbstractContextLoader    : Could not detect default resource locations for test class [com.devoxx.checkout.ContractVerifierTest]: no resource found for suffixes {-context.xml, Context.groovy}.
2020-03-09 15:50:23.678  INFO 53168 --- [           main] t.c.s.AnnotationConfigContextLoaderUtils : Could not detect default configuration classes for test class [com.devoxx.checkout.ContractVerifierTest]: ContractVerifierTest does not declare any static, non-private, non-final, nested classes annotated with @Configuration.
2020-03-09 15:50:23.682  INFO 53168 --- [           main] .b.t.c.SpringBootTestContextBootstrapper : Found @SpringBootConfiguration com.devoxx.checkout.CheckoutApplication for test class com.devoxx.checkout.ContractVerifierTest
2020-03-09 15:50:23.685  INFO 53168 --- [           main] .b.t.c.SpringBootTestContextBootstrapper : Loaded default TestExecutionListener class names from location [META-INF/spring.factories]: [org.springframework.boot.test.mock.mockito.MockitoTestExecutionListener, org.springframework.boot.test.mock.mockito.ResetMocksTestExecutionListener, org.springframework.boot.test.autoconfigure.restdocs.RestDocsTestExecutionListener, org.springframework.boot.test.autoconfigure.web.client.MockRestServiceServerResetTestExecutionListener, org.springframework.boot.test.autoconfigure.web.servlet.MockMvcPrintOnlyOnFailureTestExecutionListener, org.springframework.boot.test.autoconfigure.web.servlet.WebDriverTestExecutionListener, org.springframework.test.context.web.ServletTestExecutionListener, org.springframework.test.context.support.DirtiesContextBeforeModesTestExecutionListener, org.springframework.test.context.support.DependencyInjectionTestExecutionListener, org.springframework.test.context.support.DirtiesContextTestExecutionListener, org.springframework.test.context.transaction.TransactionalTestExecutionListener, org.springframework.test.context.jdbc.SqlScriptsTestExecutionListener, org.springframework.test.context.event.EventPublishingTestExecutionListener, org.springframework.cloud.contract.stubrunner.provider.wiremock.StubRunnerWireMockTestExecutionListener, org.springframework.cloud.contract.wiremock.WireMockTestExecutionListener]
2020-03-09 15:50:23.685  INFO 53168 --- [           main] .b.t.c.SpringBootTestContextBootstrapper : Using TestExecutionListeners: [org.springframework.test.context.web.ServletTestExecutionListener@6e0fd2dc, org.springframework.test.context.support.DirtiesContextBeforeModesTestExecutionListener@3110bb19, org.springframework.boot.test.mock.mockito.MockitoTestExecutionListener@1be6c991, org.springframework.boot.test.autoconfigure.SpringBootDependencyInjectionTestExecutionListener@18482805, org.springframework.test.context.support.DirtiesContextTestExecutionListener@84180e2, org.springframework.test.context.transaction.TransactionalTestExecutionListener@3c3d2a80, org.springframework.test.context.jdbc.SqlScriptsTestExecutionListener@11bac6d7, org.springframework.test.context.event.EventPublishingTestExecutionListener@48ebcce5, org.springframework.boot.test.mock.mockito.ResetMocksTestExecutionListener@4c29138a, org.springframework.boot.test.autoconfigure.restdocs.RestDocsTestExecutionListener@199549a5, org.springframework.boot.test.autoconfigure.web.client.MockRestServiceServerResetTestExecutionListener@5edeb83e, org.springframework.boot.test.autoconfigure.web.servlet.MockMvcPrintOnlyOnFailureTestExecutionListener@4844cbe4, org.springframework.boot.test.autoconfigure.web.servlet.WebDriverTestExecutionListener@4c752425, org.springframework.cloud.contract.stubrunner.provider.wiremock.StubRunnerWireMockTestExecutionListener@7f1e946f, org.springframework.cloud.contract.wiremock.WireMockTestExecutionListener@542adcfa]

  .   ____          _            __ _ _
 /\\ / ___'_ __ _ _(_)_ __  __ _ \ \ \ \
( ( )\___ | '_ | '_| | '_ \/ _` | \ \ \ \
 \\/  ___)| |_)| | | | | || (_| |  ) ) ) )
  '  |____| .__|_| |_|_| |_\__, | / / / /
 =========|_|==============|___/=/_/_/_/
 :: Spring Boot ::        (v2.2.4.RELEASE)

2020-03-09 15:50:23.728  INFO 53168 --- [           main] c.devoxx.checkout.ContractVerifierTest   : Starting ContractVerifierTest on yoga with PID 53168 (started by max in /home/max/workspace/conferences/devoxx2020-contract-testing/checkout)
2020-03-09 15:50:23.729  INFO 53168 --- [           main] c.devoxx.checkout.ContractVerifierTest   : No active profile set, falling back to default profiles: default
2020-03-09 15:50:24.177  INFO 53168 --- [           main] faultConfiguringBeanFactoryPostProcessor : No bean named 'errorChannel' has been explicitly defined. Therefore, a default PublishSubscribeChannel will be created.
2020-03-09 15:50:24.177  INFO 53168 --- [           main] faultConfiguringBeanFactoryPostProcessor : No bean named 'taskScheduler' has been explicitly defined. Therefore, a default ThreadPoolTaskScheduler will be created.
2020-03-09 15:50:24.179  INFO 53168 --- [           main] faultConfiguringBeanFactoryPostProcessor : No bean named 'integrationHeaderChannelRegistry' has been explicitly defined. Therefore, a default DefaultHeaderChannelRegistry will be created.
2020-03-09 15:50:24.201  INFO 53168 --- [           main] trationDelegate$BeanPostProcessorChecker : Bean 'integrationChannelResolver' of type [org.springframework.integration.support.channel.BeanFactoryChannelResolver] is not eligible for getting processed by all BeanPostProcessors (for example: not eligible for auto-proxying)
2020-03-09 15:50:24.204  INFO 53168 --- [           main] trationDelegate$BeanPostProcessorChecker : Bean 'integrationDisposableAutoCreatedBeans' of type [org.springframework.integration.config.annotation.Disposables] is not eligible for getting processed by all BeanPostProcessors (for example: not eligible for auto-proxying)
2020-03-09 15:50:24.223  INFO 53168 --- [           main] trationDelegate$BeanPostProcessorChecker : Bean 'org.springframework.integration.config.IntegrationManagementConfiguration' of type [org.springframework.integration.config.IntegrationManagementConfiguration] is not eligible for getting processed by all BeanPostProcessors (for example: not eligible for auto-proxying)
2020-03-09 15:50:24.243  INFO 53168 --- [           main] trationDelegate$BeanPostProcessorChecker : Bean 'org.springframework.cloud.stream.binder.rabbit.config.ExtendedBindingHandlerMappingsProviderConfiguration' of type [org.springframework.cloud.stream.binder.rabbit.config.ExtendedBindingHandlerMappingsProviderConfiguration$$EnhancerBySpringCGLIB$$b184ff6d] is not eligible for getting processed by all BeanPostProcessors (for example: not eligible for auto-proxying)
2020-03-09 15:50:24.245  INFO 53168 --- [           main] trationDelegate$BeanPostProcessorChecker : Bean 'rabbitExtendedPropertiesDefaultMappingsProvider' of type [org.springframework.cloud.stream.binder.rabbit.config.ExtendedBindingHandlerMappingsProviderConfiguration$$Lambda$588/0x0000000800534040] is not eligible for getting processed by all BeanPostProcessors (for example: not eligible for auto-proxying)
2020-03-09 15:50:24.248  INFO 53168 --- [           main] trationDelegate$BeanPostProcessorChecker : Bean 'BindingHandlerAdvise' of type [org.springframework.cloud.stream.config.BindingHandlerAdvise] is not eligible for getting processed by all BeanPostProcessors (for example: not eligible for auto-proxying)
2020-03-09 15:50:24.296  INFO 53168 --- [           main] trationDelegate$BeanPostProcessorChecker : Bean 'spelConverter' of type [org.springframework.cloud.stream.config.SpelExpressionConverterConfiguration$SpelConverter] is not eligible for getting processed by all BeanPostProcessors (for example: not eligible for auto-proxying)
2020-03-09 15:50:24.302  INFO 53168 --- [           main] trationDelegate$BeanPostProcessorChecker : Bean 'stubrunner-org.springframework.cloud.contract.stubrunner.spring.StubRunnerProperties' of type [org.springframework.cloud.contract.stubrunner.spring.StubRunnerProperties] is not eligible for getting processed by all BeanPostProcessors (for example: not eligible for auto-proxying)
2020-03-09 15:50:24.303  INFO 53168 --- [           main] trationDelegate$BeanPostProcessorChecker : Bean 'org.springframework.cloud.contract.stubrunner.spring.StubRunnerConfiguration' of type [org.springframework.cloud.contract.stubrunner.spring.StubRunnerConfiguration] is not eligible for getting processed by all BeanPostProcessors (for example: not eligible for auto-proxying)
2020-03-09 15:50:24.306  INFO 53168 --- [           main] o.s.c.c.s.AetherStubDownloaderBuilder    : Will download stubs and contracts via Aether
2020-03-09 15:50:24.306  INFO 53168 --- [           main] o.s.c.c.stubrunner.AetherStubDownloader  : Remote repos not passed but the switch to work offline was set. Stubs will be used from your local Maven repository.
2020-03-09 15:50:24.308  INFO 53168 --- [           main] o.s.c.c.stubrunner.AetherStubDownloader  : Desired version is [+] - will try to resolve the latest version
2020-03-09 15:50:24.308  INFO 53168 --- [           main] o.s.c.c.stubrunner.AetherStubDownloader  : Resolved version is [0.0.1-SNAPSHOT]
2020-03-09 15:50:24.309  INFO 53168 --- [           main] o.s.c.c.stubrunner.AetherStubDownloader  : Resolved artifact [com.devoxx:inventory:jar:stubs:0.0.1-SNAPSHOT] to /home/max/.m2/repository/com/devoxx/inventory/0.0.1-SNAPSHOT/inventory-0.0.1-SNAPSHOT-stubs.jar
2020-03-09 15:50:24.310  INFO 53168 --- [           main] o.s.c.c.stubrunner.AetherStubDownloader  : Unpacking stub from JAR [URI: file:/home/max/.m2/repository/com/devoxx/inventory/0.0.1-SNAPSHOT/inventory-0.0.1-SNAPSHOT-stubs.jar]
2020-03-09 15:50:24.321  INFO 53168 --- [           main] o.s.c.c.stubrunner.AetherStubDownloader  : Unpacked file to [/tmp/contracts-1583765424309-0]
2020-03-09 15:50:24.548  INFO 53168 --- [           main] w.org.eclipse.jetty.server.Server        : jetty-9.4.20.v20190813; built: 2019-08-13T21:28:18.144Z; git: 84700530e645e812b336747464d6fbbf370c9a20; jvm 11.0.6+10
2020-03-09 15:50:24.553  INFO 53168 --- [           main] w.o.e.j.server.handler.ContextHandler    : Started w.o.e.j.s.ServletContextHandler@545bc8e1{/__admin,null,AVAILABLE}
2020-03-09 15:50:24.553  INFO 53168 --- [           main] w.o.e.j.server.handler.ContextHandler    : Started w.o.e.j.s.ServletContextHandler@5f3705e7{/,null,AVAILABLE}
2020-03-09 15:50:24.555  INFO 53168 --- [           main] w.o.e.jetty.server.AbstractConnector     : Started NetworkTrafficServerConnector@39fbee74{HTTP/1.1,[http/1.1]}{0.0.0.0:8080}
2020-03-09 15:50:24.555  INFO 53168 --- [           main] w.org.eclipse.jetty.server.Server        : Started @10954ms
2020-03-09 15:50:24.555  INFO 53168 --- [           main] o.s.c.contract.stubrunner.StubServer     : Started stub server for project [com.devoxx:inventory:0.0.1-SNAPSHOT:stubs] on port 8080
2020-03-09 15:50:24.560  INFO 53168 --- [qtp220204350-41] w.o.e.j.s.h.ContextHandler.__admin       : RequestHandlerClass from context returned com.github.tomakehurst.wiremock.http.AdminRequestHandler. Normalized mapped under returned 'null'
2020-03-09 15:50:24.561  INFO 53168 --- [qtp220204350-41] WireMock                                 : Admin request received:
127.0.0.1 - POST /mappings

Connection: [keep-alive]
User-Agent: [Apache-HttpClient/4.5.6 (Java/11.0.6)]
Host: [localhost:8080]
Content-Length: [225]
Content-Type: [text/plain; charset=UTF-8]
{
  "id" : "e6f7fb38-15be-461f-a7db-0335ab8a89d6",
  "request" : {
    "url" : "/ping",
    "method" : "GET"
  },
  "response" : {
    "status" : 200,
    "body" : "OK"
  },
  "uuid" : "e6f7fb38-15be-461f-a7db-0335ab8a89d6"
}

2020-03-09 15:50:24.589  INFO 53168 --- [qtp220204350-39] WireMock                                 : Admin request received:
127.0.0.1 - POST /mappings

Connection: [keep-alive]
User-Agent: [Apache-HttpClient/4.5.6 (Java/11.0.6)]
Host: [localhost:8080]
Content-Length: [227]
Content-Type: [text/plain; charset=UTF-8]
{
  "id" : "d1d6ae8b-7f13-427e-abc4-f41dc2c454dc",
  "request" : {
    "url" : "/health",
    "method" : "GET"
  },
  "response" : {
    "status" : 200,
    "body" : "OK"
  },
  "uuid" : "d1d6ae8b-7f13-427e-abc4-f41dc2c454dc"
}

2020-03-09 15:50:24.620  INFO 53168 --- [qtp220204350-44] WireMock                                 : Admin request received:
127.0.0.1 - POST /mappings

Connection: [keep-alive]
User-Agent: [Apache-HttpClient/4.5.6 (Java/11.0.6)]
Host: [localhost:8080]
Content-Length: [645]
Content-Type: [text/plain; charset=UTF-8]
{
  "id" : "0df8413b-8f61-4ff9-82c1-a2aaeaee9bf6",
  "request" : {
    "urlPattern" : "/v1/books/[a-fA-F0-9]{8}-[a-fA-F0-9]{4}-[a-fA-F0-9]{4}-[a-fA-F0-9]{4}-[a-fA-F0-9]{12}/stock/reduce/[0-9]+",
    "method" : "POST",
    "headers" : {
      "Content-Type" : {
        "matches" : "application/json.*"
      }
    }
  },
  "response" : {
    "status" : 200,
    "body" : "{\"id\":\"48bd1c8a-4fff-4db7-8967-9a59791415bd\",\"name\":\"Clean code\",\"price\":49.99,\"stock\":30}",
    "headers" : {
      "Content-Type" : "application/json"
    },
    "transformers" : [ "response-template" ]
  },
  "uuid" : "0df8413b-8f61-4ff9-82c1-a2aaeaee9bf6"
}

2020-03-09 15:50:24.645  INFO 53168 --- [qtp220204350-45] WireMock                                 : Admin request received:
127.0.0.1 - POST /mappings

Connection: [keep-alive]
User-Agent: [Apache-HttpClient/4.5.6 (Java/11.0.6)]
Host: [localhost:8080]
Content-Length: [784]
Content-Type: [text/plain; charset=UTF-8]
{
  "id" : "2e8b945e-7e47-4fff-9784-eb39599daf13",
  "request" : {
    "url" : "/v1/books",
    "method" : "POST",
    "headers" : {
      "Content-Type" : {
        "matches" : "application/json.*"
      }
    },
    "bodyPatterns" : [ {
      "matchesJsonPath" : "$[?(@.['name'] =~ /[\\S\\s]+/)]"
    }, {
      "matchesJsonPath" : "$[?(@.['price'] =~ /-?(\\d*\\.\\d+)/)]"
    }, {
      "matchesJsonPath" : "$[?(@.['stock'] =~ /([1-9]\\d*)/)]"
    } ]
  },
  "response" : {
    "status" : 200,
    "body" : "{\"id\":\"48bd1c8a-4fff-4db7-8967-9a59791415bd\",\"name\":\"Clean code\",\"price\":49.99,\"stock\":30}",
    "headers" : {
      "Content-Type" : "application/json"
    },
    "transformers" : [ "response-template" ]
  },
  "uuid" : "2e8b945e-7e47-4fff-9784-eb39599daf13"
}

2020-03-09 15:50:24.665  INFO 53168 --- [qtp220204350-41] WireMock                                 : Admin request received:
127.0.0.1 - POST /mappings

Connection: [keep-alive]
User-Agent: [Apache-HttpClient/4.5.6 (Java/11.0.6)]
Host: [localhost:8080]
Content-Length: [642]
Content-Type: [text/plain; charset=UTF-8]
{
  "id" : "e57b1ce6-3f5f-4c4b-9481-b7ee32a24acc",
  "request" : {
    "url" : "/v1/books",
    "method" : "GET",
    "headers" : {
      "Content-Type" : {
        "matches" : "application/json.*"
      }
    }
  },
  "response" : {
    "status" : 200,
    "body" : "[{\"id\":\"d4d37e73-77a0-4616-8bd2-5ed983d45d14\",\"name\":\"Java\",\"price\":\"19.9\",\"stock\":100},{\"id\":\"8364948b-6221-4cd8-9fd9-db0d17d45ef8\",\"name\":\"Kotlin\",\"price\":\"22.4\",\"stock\":0}]",
    "headers" : {
      "Content-Type" : "application/json"
    },
    "transformers" : [ "response-template" ]
  },
  "uuid" : "e57b1ce6-3f5f-4c4b-9481-b7ee32a24acc"
}

2020-03-09 15:50:24.674  INFO 53168 --- [qtp220204350-39] WireMock                                 : Admin request received:
127.0.0.1 - POST /mappings

Connection: [keep-alive]
User-Agent: [Apache-HttpClient/4.5.6 (Java/11.0.6)]
Host: [localhost:8080]
Content-Length: [647]
Content-Type: [text/plain; charset=UTF-8]
{
  "id" : "17e58536-6947-450e-af8f-f3e91bd5daec",
  "request" : {
    "urlPattern" : "/v1/books/[a-fA-F0-9]{8}-[a-fA-F0-9]{4}-[a-fA-F0-9]{4}-[a-fA-F0-9]{4}-[a-fA-F0-9]{12}",
    "method" : "GET",
    "headers" : {
      "Content-Type" : {
        "matches" : "application/json.*"
      }
    }
  },
  "response" : {
    "status" : 200,
    "body" : "{\"id\":\"fb7313fc-5e1e-4fe1-b6fa-798206e0f146\",\"name\":\"BNOHABSTSZBAAXPQJYFO\",\"price\":48.27705788379159,\"stock\":100}",
    "headers" : {
      "Content-Type" : "application/json"
    },
    "transformers" : [ "response-template" ]
  },
  "uuid" : "17e58536-6947-450e-af8f-f3e91bd5daec"
}

2020-03-09 15:50:24.681  INFO 53168 --- [           main] o.s.c.c.stubrunner.StubRunnerExecutor    : All stubs are now running RunningStubs [namesAndPorts={com.devoxx:inventory:0.0.1-SNAPSHOT:stubs=8080}]
2020-03-09 15:50:24.684  INFO 53168 --- [           main] trationDelegate$BeanPostProcessorChecker : Bean 'batchStubRunner' of type [org.springframework.cloud.contract.stubrunner.BatchStubRunner] is not eligible for getting processed by all BeanPostProcessors (for example: not eligible for auto-proxying)
2020-03-09 15:50:25.178  INFO 53168 --- [           main] o.s.s.concurrent.ThreadPoolTaskExecutor  : Initializing ExecutorService 'applicationTaskExecutor'
2020-03-09 15:50:25.473  INFO 53168 --- [           main] o.s.b.t.m.w.SpringBootMockServletContext : Initializing Spring TestDispatcherServlet ''
2020-03-09 15:50:25.473  INFO 53168 --- [           main] o.s.t.web.servlet.TestDispatcherServlet  : Initializing Servlet ''
2020-03-09 15:50:25.482  INFO 53168 --- [           main] o.s.t.web.servlet.TestDispatcherServlet  : Completed initialization in 9 ms
2020-03-09 15:50:25.530  INFO 53168 --- [           main] o.s.s.c.ThreadPoolTaskScheduler          : Initializing ExecutorService 'taskScheduler'
2020-03-09 15:50:25.645  INFO 53168 --- [           main] o.s.i.endpoint.EventDrivenConsumer       : Adding {logging-channel-adapter:_org.springframework.integration.errorLogger} as a subscriber to the 'errorChannel' channel
2020-03-09 15:50:25.645  INFO 53168 --- [           main] o.s.i.channel.PublishSubscribeChannel    : Channel 'application.errorChannel' has 1 subscriber(s).
2020-03-09 15:50:25.645  INFO 53168 --- [           main] o.s.i.endpoint.EventDrivenConsumer       : started bean '_org.springframework.integration.errorLogger'
2020-03-09 15:50:25.654  INFO 53168 --- [           main] o.s.c.s.m.DirectWithAttributesChannel    : Channel 'application.orders' has 1 subscriber(s).
2020-03-09 15:50:25.660  INFO 53168 --- [           main] c.devoxx.checkout.ContractVerifierTest   : Started ContractVerifierTest in 1.972 seconds (JVM running for 12.059)
2020-03-09 15:50:25.768  INFO 53168 --- [           main] o.s.mock.web.MockServletContext          : Initializing Spring TestDispatcherServlet ''
2020-03-09 15:50:25.768  INFO 53168 --- [           main] o.s.t.web.servlet.TestDispatcherServlet  : Initializing Servlet ''
2020-03-09 15:50:25.769  INFO 53168 --- [           main] o.s.t.web.servlet.TestDispatcherServlet  : Completed initialization in 1 ms
2020-03-09 15:50:25.795  INFO 53168 --- [qtp220204350-38] w.o.e.j.s.handler.ContextHandler.ROOT    : RequestHandlerClass from context returned com.github.tomakehurst.wiremock.http.StubRequestHandler. Normalized mapped under returned 'null'
2020-03-09 15:50:25.800  INFO 53168 --- [qtp220204350-38] WireMock                                 : Request received:
127.0.0.1 - GET /v1/books/d4d37e73-77a0-4616-8bd2-5ed983d45d14

Accept: [application/json]
Connection: [keep-alive]
User-Agent: [Apache-HttpClient/4.5.10 (Java/11.0.6)]
Host: [localhost:8080]
Accept-Encoding: [gzip,deflate]
Content-Type: [application/json]



Matched response definition:
{
  "status" : 200,
  "body" : "{\"id\":\"fb7313fc-5e1e-4fe1-b6fa-798206e0f146\",\"name\":\"BNOHABSTSZBAAXPQJYFO\",\"price\":48.27705788379159,\"stock\":100}",
  "headers" : {
    "Content-Type" : "application/json"
  },
  "transformers" : [ "response-template" ]
}

Response:
HTTP/1.1 200
Content-Type: [application/json]
Matched-Stub-Id: [17e58536-6947-450e-af8f-f3e91bd5daec]


]]></system-out>
  </testcase>
</testsuite>